#
# There is insufficient memory for the Java Runtime Environment to continue.
# Native memory allocation (malloc) failed to allocate 2382000 bytes for Chunk::new
# Possible reasons:
#   The system is out of physical RAM or swap space
#   The process is running with CompressedOops enabled, and the Java Heap may be blocking the growth of the native heap
# Possible solutions:
#   Reduce memory load on the system
#   Increase physical memory or swap space
#   Check if swap backing store is full
#   Decrease Java heap size (-Xmx/-Xms)
#   Decrease number of Java threads
#   Decrease Java thread stack sizes (-Xss)
#   Set larger code cache with -XX:ReservedCodeCacheSize=
#   JVM is running with Zero Based Compressed Oops mode in which the Java heap is
#     placed in the first 32GB address space. The Java Heap base address is the
#     maximum limit for the native heap growth. Please use -XX:HeapBaseMinAddress
#     to set the Java Heap base and to place the Java Heap above 32GB virtual address.
# This output file may be truncated or incomplete.
#
#  Out of Memory Error (arena.cpp:189), pid=7404, tid=5768
#
# JRE version: Java(TM) SE Runtime Environment (17.0.12+8) (build 17.0.12+8-LTS-286)
# Java VM: Java HotSpot(TM) 64-Bit Server VM (17.0.12+8-LTS-286, mixed mode, sharing, tiered, compressed oops, compressed class ptrs, g1 gc, windows-amd64)
# No core dump will be written. Minidumps are not enabled by default on client versions of Windows
#

---------------  S U M M A R Y ------------

Command Line: -Dclassworlds.conf=C:\maven\apache-maven-3.9.9\bin\m2.conf -Dmaven.home=C:\maven\apache-maven-3.9.9 -Dlibrary.jansi.path=C:\maven\apache-maven-3.9.9\lib\jansi-native -Dmaven.multiModuleProjectDirectory=C:\microservices\section4\loan org.codehaus.plexus.classworlds.launcher.Launcher compile jib:dockerBuild

Host: Intel(R) Core(TM) i5-10300H CPU @ 2.50GHz, 8 cores, 15G,  Windows 11 , 64 bit Build 26100 (10.0.26100.4202)
Time: Fri Jun  6 23:15:16 2025 India Standard Time elapsed time: 6.706325 seconds (0d 0h 0m 6s)

---------------  T H R E A D  ---------------

Current thread (0x000001bae728e400):  JavaThread "C2 CompilerThread0" daemon [_thread_in_native, id=5768, stack(0x00000060a5700000,0x00000060a5800000)]


Current CompileTask:
C2:   6706 4867   !   4       org.apache.maven.model.ModelBase::clone (397 bytes)

Stack: [0x00000060a5700000,0x00000060a5800000]
Native frames: (J=compiled Java code, j=interpreted, Vv=VM code, C=native code)
V  [jvm.dll+0x67a04a]
V  [jvm.dll+0x7da4ed]
V  [jvm.dll+0x7dbe33]
V  [jvm.dll+0x7dc4a3]
V  [jvm.dll+0x24508f]
V  [jvm.dll+0xab773]
V  [jvm.dll+0xabd3c]
V  [jvm.dll+0x361bee]
V  [jvm.dll+0x32c431]
V  [jvm.dll+0x32b8ca]
V  [jvm.dll+0x21683f]
V  [jvm.dll+0x215c6f]
V  [jvm.dll+0x1a2960]
V  [jvm.dll+0x22610b]
V  [jvm.dll+0x2242ab]
V  [jvm.dll+0x79075c]
V  [jvm.dll+0x78abea]
V  [jvm.dll+0x678f35]
C  [ucrtbase.dll+0x37b0]
C  [KERNEL32.DLL+0x2e8d7]
C  [ntdll.dll+0x3c34c]


---------------  P R O C E S S  ---------------

Threads class SMR info:
_java_thread_list=0x000001baec629650, length=15, elements={
0x000001bac3d3e5d0, 0x000001bae72701e0, 0x000001bae7270da0, 0x000001bae7288160,
0x000001bae728ab30, 0x000001bae728c500, 0x000001bae728cec0, 0x000001bae728e400,
0x000001bae73a0080, 0x000001bae73a1130, 0x000001bae74ffdc0, 0x000001bae7509090,
0x000001bae7982fd0, 0x000001bae7984fb0, 0x000001bae7d5ace0
}

Java Threads: ( => current thread )
  0x000001bac3d3e5d0 JavaThread "main" [_thread_in_vm, id=25384, stack(0x00000060a4a00000,0x00000060a4b00000)]
  0x000001bae72701e0 JavaThread "Reference Handler" daemon [_thread_blocked, id=19784, stack(0x00000060a5100000,0x00000060a5200000)]
  0x000001bae7270da0 JavaThread "Finalizer" daemon [_thread_blocked, id=21924, stack(0x00000060a5200000,0x00000060a5300000)]
  0x000001bae7288160 JavaThread "Signal Dispatcher" daemon [_thread_blocked, id=22804, stack(0x00000060a5300000,0x00000060a5400000)]
  0x000001bae728ab30 JavaThread "Attach Listener" daemon [_thread_blocked, id=22612, stack(0x00000060a5400000,0x00000060a5500000)]
  0x000001bae728c500 JavaThread "Service Thread" daemon [_thread_blocked, id=23452, stack(0x00000060a5500000,0x00000060a5600000)]
  0x000001bae728cec0 JavaThread "Monitor Deflation Thread" daemon [_thread_blocked, id=11424, stack(0x00000060a5600000,0x00000060a5700000)]
=>0x000001bae728e400 JavaThread "C2 CompilerThread0" daemon [_thread_in_native, id=5768, stack(0x00000060a5700000,0x00000060a5800000)]
  0x000001bae73a0080 JavaThread "C1 CompilerThread0" daemon [_thread_blocked, id=16056, stack(0x00000060a5800000,0x00000060a5900000)]
  0x000001bae73a1130 JavaThread "Sweeper thread" daemon [_thread_blocked, id=24988, stack(0x00000060a5900000,0x00000060a5a00000)]
  0x000001bae74ffdc0 JavaThread "Notification Thread" daemon [_thread_blocked, id=16468, stack(0x00000060a5a00000,0x00000060a5b00000)]
  0x000001bae7509090 JavaThread "Common-Cleaner" daemon [_thread_blocked, id=21700, stack(0x00000060a5c00000,0x00000060a5d00000)]
  0x000001bae7982fd0 JavaThread "C2 CompilerThread1" daemon [_thread_in_native, id=14912, stack(0x00000060a5d00000,0x00000060a5e00000)]
  0x000001bae7984fb0 JavaThread "C2 CompilerThread2" daemon [_thread_in_native, id=14064, stack(0x00000060a5e00000,0x00000060a5f00000)]
  0x000001bae7d5ace0 JavaThread "Thread-1" daemon [_thread_blocked, id=13416, stack(0x00000060a6600000,0x00000060a6700000)]

Other Threads:
  0x000001bae726cb70 VMThread "VM Thread" [stack: 0x00000060a5000000,0x00000060a5100000] [id=6080]
  0x000001bac3dc7430 WatcherThread [stack: 0x00000060a5b00000,0x00000060a5c00000] [id=11700]
  0x000001bac3dadd00 GCTaskThread "GC Thread#0" [stack: 0x00000060a4b00000,0x00000060a4c00000] [id=20568]
  0x000001bae7df05a0 GCTaskThread "GC Thread#1" [stack: 0x00000060a5f00000,0x00000060a6000000] [id=24168]
  0x000001bae7debc10 GCTaskThread "GC Thread#2" [stack: 0x00000060a6000000,0x00000060a6100000] [id=22640]
  0x000001bae7b18fe0 GCTaskThread "GC Thread#3" [stack: 0x00000060a6100000,0x00000060a6200000] [id=4868]
  0x000001bae7b192a0 GCTaskThread "GC Thread#4" [stack: 0x00000060a6200000,0x00000060a6300000] [id=10108]
  0x000001bae7b19560 GCTaskThread "GC Thread#5" [stack: 0x00000060a6300000,0x00000060a6400000] [id=13888]
  0x000001baec04a8d0 GCTaskThread "GC Thread#6" [stack: 0x00000060a6400000,0x00000060a6500000] [id=23844]
  0x000001bae7f9b8b0 GCTaskThread "GC Thread#7" [stack: 0x00000060a6500000,0x00000060a6600000] [id=15912]
  0x000001bac3dbea50 ConcurrentGCThread "G1 Main Marker" [stack: 0x00000060a4c00000,0x00000060a4d00000] [id=14060]
  0x000001bac3dc1140 ConcurrentGCThread "G1 Conc#0" [stack: 0x00000060a4d00000,0x00000060a4e00000] [id=22264]
  0x000001bae71244f0 ConcurrentGCThread "G1 Refine#0" [stack: 0x00000060a4e00000,0x00000060a4f00000] [id=2244]
  0x000001bac3e0ca30 ConcurrentGCThread "G1 Service" [stack: 0x00000060a4f00000,0x00000060a5000000] [id=22056]

Threads with active compile tasks:
C2 CompilerThread0     6800 4867   !   4       org.apache.maven.model.ModelBase::clone (397 bytes)
C2 CompilerThread1     6800 5139       4       java.util.WeakHashMap::put (160 bytes)
C2 CompilerThread2     6800 5068       4       jdk.internal.org.objectweb.asm.Frame::execute (2305 bytes)

VM state: not at safepoint (normal execution)

VM Mutex/Monitor currently owned by a thread: None

Heap address: 0x0000000702800000, size: 4056 MB, Compressed Oops mode: Zero based, Oop shift amount: 3

CDS archive(s) mapped at: [0x000001ba80000000-0x000001ba80bd0000-0x000001ba80bd0000), size 12386304, SharedBaseAddress: 0x000001ba80000000, ArchiveRelocationMode: 1.
Compressed class space mapped at: 0x000001ba81000000-0x000001bac1000000, reserved size: 1073741824
Narrow klass base: 0x000001ba80000000, Narrow klass shift: 0, Narrow klass range: 0x100000000

GC Precious Log:
 CPUs: 8 total, 8 available
 Memory: 16221M
 Large Page Support: Disabled
 NUMA Support: Disabled
 Compressed Oops: Enabled (Zero based)
 Heap Region Size: 2M
 Heap Min Capacity: 8M
 Heap Initial Capacity: 254M
 Heap Max Capacity: 4056M
 Pre-touch: Disabled
 Parallel Workers: 8
 Concurrent Workers: 2
 Concurrent Refinement Workers: 8
 Periodic GC: Disabled

Heap:
 garbage-first heap   total 260096K, used 85267K [0x0000000702800000, 0x0000000800000000)
  region size 2048K, 41 young (83968K), 6 survivors (12288K)
 Metaspace       used 20351K, committed 20672K, reserved 1114112K
  class space    used 2295K, committed 2432K, reserved 1048576K

Heap Regions: E=young(eden), S=young(survivor), O=old, HS=humongous(starts), HC=humongous(continues), CS=collection set, F=free, OA=open archive, CA=closed archive, TAMS=top-at-mark-start (previous, next)
|   0|0x0000000702800000, 0x0000000702a00000, 0x0000000702a00000|100%| O|  |TAMS 0x0000000702800000, 0x0000000702800000| Untracked 
|   1|0x0000000702a00000, 0x0000000702b56600, 0x0000000702c00000| 66%| O|  |TAMS 0x0000000702a00000, 0x0000000702a00000| Untracked 
|   2|0x0000000702c00000, 0x0000000702c00000, 0x0000000702e00000|  0%| F|  |TAMS 0x0000000702c00000, 0x0000000702c00000| Untracked 
|   3|0x0000000702e00000, 0x0000000702e00000, 0x0000000703000000|  0%| F|  |TAMS 0x0000000702e00000, 0x0000000702e00000| Untracked 
|   4|0x0000000703000000, 0x0000000703000000, 0x0000000703200000|  0%| F|  |TAMS 0x0000000703000000, 0x0000000703000000| Untracked 
|   5|0x0000000703200000, 0x0000000703200000, 0x0000000703400000|  0%| F|  |TAMS 0x0000000703200000, 0x0000000703200000| Untracked 
|   6|0x0000000703400000, 0x0000000703400000, 0x0000000703600000|  0%| F|  |TAMS 0x0000000703400000, 0x0000000703400000| Untracked 
|   7|0x0000000703600000, 0x0000000703600000, 0x0000000703800000|  0%| F|  |TAMS 0x0000000703600000, 0x0000000703600000| Untracked 
|   8|0x0000000703800000, 0x0000000703800000, 0x0000000703a00000|  0%| F|  |TAMS 0x0000000703800000, 0x0000000703800000| Untracked 
|   9|0x0000000703a00000, 0x0000000703a00000, 0x0000000703c00000|  0%| F|  |TAMS 0x0000000703a00000, 0x0000000703a00000| Untracked 
|  10|0x0000000703c00000, 0x0000000703c00000, 0x0000000703e00000|  0%| F|  |TAMS 0x0000000703c00000, 0x0000000703c00000| Untracked 
|  11|0x0000000703e00000, 0x0000000703e00000, 0x0000000704000000|  0%| F|  |TAMS 0x0000000703e00000, 0x0000000703e00000| Untracked 
|  12|0x0000000704000000, 0x0000000704000000, 0x0000000704200000|  0%| F|  |TAMS 0x0000000704000000, 0x0000000704000000| Untracked 
|  13|0x0000000704200000, 0x0000000704200000, 0x0000000704400000|  0%| F|  |TAMS 0x0000000704200000, 0x0000000704200000| Untracked 
|  14|0x0000000704400000, 0x0000000704400000, 0x0000000704600000|  0%| F|  |TAMS 0x0000000704400000, 0x0000000704400000| Untracked 
|  15|0x0000000704600000, 0x0000000704600000, 0x0000000704800000|  0%| F|  |TAMS 0x0000000704600000, 0x0000000704600000| Untracked 
|  16|0x0000000704800000, 0x0000000704800000, 0x0000000704a00000|  0%| F|  |TAMS 0x0000000704800000, 0x0000000704800000| Untracked 
|  17|0x0000000704a00000, 0x0000000704a00000, 0x0000000704c00000|  0%| F|  |TAMS 0x0000000704a00000, 0x0000000704a00000| Untracked 
|  18|0x0000000704c00000, 0x0000000704c00000, 0x0000000704e00000|  0%| F|  |TAMS 0x0000000704c00000, 0x0000000704c00000| Untracked 
|  19|0x0000000704e00000, 0x0000000704e00000, 0x0000000705000000|  0%| F|  |TAMS 0x0000000704e00000, 0x0000000704e00000| Untracked 
|  20|0x0000000705000000, 0x0000000705000000, 0x0000000705200000|  0%| F|  |TAMS 0x0000000705000000, 0x0000000705000000| Untracked 
|  21|0x0000000705200000, 0x0000000705200000, 0x0000000705400000|  0%| F|  |TAMS 0x0000000705200000, 0x0000000705200000| Untracked 
|  22|0x0000000705400000, 0x0000000705400000, 0x0000000705600000|  0%| F|  |TAMS 0x0000000705400000, 0x0000000705400000| Untracked 
|  23|0x0000000705600000, 0x0000000705600000, 0x0000000705800000|  0%| F|  |TAMS 0x0000000705600000, 0x0000000705600000| Untracked 
|  24|0x0000000705800000, 0x0000000705800000, 0x0000000705a00000|  0%| F|  |TAMS 0x0000000705800000, 0x0000000705800000| Untracked 
|  25|0x0000000705a00000, 0x0000000705a00000, 0x0000000705c00000|  0%| F|  |TAMS 0x0000000705a00000, 0x0000000705a00000| Untracked 
|  26|0x0000000705c00000, 0x0000000705c00000, 0x0000000705e00000|  0%| F|  |TAMS 0x0000000705c00000, 0x0000000705c00000| Untracked 
|  27|0x0000000705e00000, 0x0000000705e00000, 0x0000000706000000|  0%| F|  |TAMS 0x0000000705e00000, 0x0000000705e00000| Untracked 
|  28|0x0000000706000000, 0x0000000706000000, 0x0000000706200000|  0%| F|  |TAMS 0x0000000706000000, 0x0000000706000000| Untracked 
|  29|0x0000000706200000, 0x0000000706200000, 0x0000000706400000|  0%| F|  |TAMS 0x0000000706200000, 0x0000000706200000| Untracked 
|  30|0x0000000706400000, 0x0000000706400000, 0x0000000706600000|  0%| F|  |TAMS 0x0000000706400000, 0x0000000706400000| Untracked 
|  31|0x0000000706600000, 0x0000000706600000, 0x0000000706800000|  0%| F|  |TAMS 0x0000000706600000, 0x0000000706600000| Untracked 
|  32|0x0000000706800000, 0x0000000706800000, 0x0000000706a00000|  0%| F|  |TAMS 0x0000000706800000, 0x0000000706800000| Untracked 
|  33|0x0000000706a00000, 0x0000000706a00000, 0x0000000706c00000|  0%| F|  |TAMS 0x0000000706a00000, 0x0000000706a00000| Untracked 
|  34|0x0000000706c00000, 0x0000000706c00000, 0x0000000706e00000|  0%| F|  |TAMS 0x0000000706c00000, 0x0000000706c00000| Untracked 
|  35|0x0000000706e00000, 0x0000000706e00000, 0x0000000707000000|  0%| F|  |TAMS 0x0000000706e00000, 0x0000000706e00000| Untracked 
|  36|0x0000000707000000, 0x0000000707000000, 0x0000000707200000|  0%| F|  |TAMS 0x0000000707000000, 0x0000000707000000| Untracked 
|  37|0x0000000707200000, 0x0000000707200000, 0x0000000707400000|  0%| F|  |TAMS 0x0000000707200000, 0x0000000707200000| Untracked 
|  38|0x0000000707400000, 0x0000000707400000, 0x0000000707600000|  0%| F|  |TAMS 0x0000000707400000, 0x0000000707400000| Untracked 
|  39|0x0000000707600000, 0x0000000707600000, 0x0000000707800000|  0%| F|  |TAMS 0x0000000707600000, 0x0000000707600000| Untracked 
|  40|0x0000000707800000, 0x0000000707800000, 0x0000000707a00000|  0%| F|  |TAMS 0x0000000707800000, 0x0000000707800000| Untracked 
|  41|0x0000000707a00000, 0x0000000707a00000, 0x0000000707c00000|  0%| F|  |TAMS 0x0000000707a00000, 0x0000000707a00000| Untracked 
|  42|0x0000000707c00000, 0x0000000707c00000, 0x0000000707e00000|  0%| F|  |TAMS 0x0000000707c00000, 0x0000000707c00000| Untracked 
|  43|0x0000000707e00000, 0x0000000707e00000, 0x0000000708000000|  0%| F|  |TAMS 0x0000000707e00000, 0x0000000707e00000| Untracked 
|  44|0x0000000708000000, 0x0000000708000000, 0x0000000708200000|  0%| F|  |TAMS 0x0000000708000000, 0x0000000708000000| Untracked 
|  45|0x0000000708200000, 0x00000007083ee7c0, 0x0000000708400000| 96%| S|CS|TAMS 0x0000000708200000, 0x0000000708200000| Complete 
|  46|0x0000000708400000, 0x0000000708600000, 0x0000000708600000|100%| S|CS|TAMS 0x0000000708400000, 0x0000000708400000| Complete 
|  47|0x0000000708600000, 0x0000000708800000, 0x0000000708800000|100%| S|CS|TAMS 0x0000000708600000, 0x0000000708600000| Complete 
|  48|0x0000000708800000, 0x0000000708a00000, 0x0000000708a00000|100%| S|CS|TAMS 0x0000000708800000, 0x0000000708800000| Complete 
|  49|0x0000000708a00000, 0x0000000708c00000, 0x0000000708c00000|100%| S|CS|TAMS 0x0000000708a00000, 0x0000000708a00000| Complete 
|  50|0x0000000708c00000, 0x0000000708e00000, 0x0000000708e00000|100%| S|CS|TAMS 0x0000000708c00000, 0x0000000708c00000| Complete 
|  51|0x0000000708e00000, 0x0000000708e00000, 0x0000000709000000|  0%| F|  |TAMS 0x0000000708e00000, 0x0000000708e00000| Untracked 
|  52|0x0000000709000000, 0x0000000709000000, 0x0000000709200000|  0%| F|  |TAMS 0x0000000709000000, 0x0000000709000000| Untracked 
|  53|0x0000000709200000, 0x0000000709200000, 0x0000000709400000|  0%| F|  |TAMS 0x0000000709200000, 0x0000000709200000| Untracked 
|  54|0x0000000709400000, 0x0000000709400000, 0x0000000709600000|  0%| F|  |TAMS 0x0000000709400000, 0x0000000709400000| Untracked 
|  55|0x0000000709600000, 0x0000000709600000, 0x0000000709800000|  0%| F|  |TAMS 0x0000000709600000, 0x0000000709600000| Untracked 
|  56|0x0000000709800000, 0x0000000709800000, 0x0000000709a00000|  0%| F|  |TAMS 0x0000000709800000, 0x0000000709800000| Untracked 
|  57|0x0000000709a00000, 0x0000000709a00000, 0x0000000709c00000|  0%| F|  |TAMS 0x0000000709a00000, 0x0000000709a00000| Untracked 
|  58|0x0000000709c00000, 0x0000000709c00000, 0x0000000709e00000|  0%| F|  |TAMS 0x0000000709c00000, 0x0000000709c00000| Untracked 
|  59|0x0000000709e00000, 0x0000000709e00000, 0x000000070a000000|  0%| F|  |TAMS 0x0000000709e00000, 0x0000000709e00000| Untracked 
|  60|0x000000070a000000, 0x000000070a000000, 0x000000070a200000|  0%| F|  |TAMS 0x000000070a000000, 0x000000070a000000| Untracked 
|  61|0x000000070a200000, 0x000000070a200000, 0x000000070a400000|  0%| F|  |TAMS 0x000000070a200000, 0x000000070a200000| Untracked 
|  62|0x000000070a400000, 0x000000070a400000, 0x000000070a600000|  0%| F|  |TAMS 0x000000070a400000, 0x000000070a400000| Untracked 
|  63|0x000000070a600000, 0x000000070a600000, 0x000000070a800000|  0%| F|  |TAMS 0x000000070a600000, 0x000000070a600000| Untracked 
|  64|0x000000070a800000, 0x000000070a800000, 0x000000070aa00000|  0%| F|  |TAMS 0x000000070a800000, 0x000000070a800000| Untracked 
|  65|0x000000070aa00000, 0x000000070aa00000, 0x000000070ac00000|  0%| F|  |TAMS 0x000000070aa00000, 0x000000070aa00000| Untracked 
|  66|0x000000070ac00000, 0x000000070ac00000, 0x000000070ae00000|  0%| F|  |TAMS 0x000000070ac00000, 0x000000070ac00000| Untracked 
|  67|0x000000070ae00000, 0x000000070ae00000, 0x000000070b000000|  0%| F|  |TAMS 0x000000070ae00000, 0x000000070ae00000| Untracked 
|  68|0x000000070b000000, 0x000000070b000000, 0x000000070b200000|  0%| F|  |TAMS 0x000000070b000000, 0x000000070b000000| Untracked 
|  69|0x000000070b200000, 0x000000070b200000, 0x000000070b400000|  0%| F|  |TAMS 0x000000070b200000, 0x000000070b200000| Untracked 
|  70|0x000000070b400000, 0x000000070b400000, 0x000000070b600000|  0%| F|  |TAMS 0x000000070b400000, 0x000000070b400000| Untracked 
|  71|0x000000070b600000, 0x000000070b600000, 0x000000070b800000|  0%| F|  |TAMS 0x000000070b600000, 0x000000070b600000| Untracked 
|  72|0x000000070b800000, 0x000000070b800000, 0x000000070ba00000|  0%| F|  |TAMS 0x000000070b800000, 0x000000070b800000| Untracked 
|  73|0x000000070ba00000, 0x000000070ba00000, 0x000000070bc00000|  0%| F|  |TAMS 0x000000070ba00000, 0x000000070ba00000| Untracked 
|  74|0x000000070bc00000, 0x000000070bc00000, 0x000000070be00000|  0%| F|  |TAMS 0x000000070bc00000, 0x000000070bc00000| Untracked 
|  75|0x000000070be00000, 0x000000070be00000, 0x000000070c000000|  0%| F|  |TAMS 0x000000070be00000, 0x000000070be00000| Untracked 
|  76|0x000000070c000000, 0x000000070c000000, 0x000000070c200000|  0%| F|  |TAMS 0x000000070c000000, 0x000000070c000000| Untracked 
|  77|0x000000070c200000, 0x000000070c200000, 0x000000070c400000|  0%| F|  |TAMS 0x000000070c200000, 0x000000070c200000| Untracked 
|  78|0x000000070c400000, 0x000000070c400000, 0x000000070c600000|  0%| F|  |TAMS 0x000000070c400000, 0x000000070c400000| Untracked 
|  79|0x000000070c600000, 0x000000070c600000, 0x000000070c800000|  0%| F|  |TAMS 0x000000070c600000, 0x000000070c600000| Untracked 
|  80|0x000000070c800000, 0x000000070c800000, 0x000000070ca00000|  0%| F|  |TAMS 0x000000070c800000, 0x000000070c800000| Untracked 
|  81|0x000000070ca00000, 0x000000070ca00000, 0x000000070cc00000|  0%| F|  |TAMS 0x000000070ca00000, 0x000000070ca00000| Untracked 
|  82|0x000000070cc00000, 0x000000070cc00000, 0x000000070ce00000|  0%| F|  |TAMS 0x000000070cc00000, 0x000000070cc00000| Untracked 
|  83|0x000000070ce00000, 0x000000070ce00000, 0x000000070d000000|  0%| F|  |TAMS 0x000000070ce00000, 0x000000070ce00000| Untracked 
|  84|0x000000070d000000, 0x000000070d000000, 0x000000070d200000|  0%| F|  |TAMS 0x000000070d000000, 0x000000070d000000| Untracked 
|  85|0x000000070d200000, 0x000000070d200000, 0x000000070d400000|  0%| F|  |TAMS 0x000000070d200000, 0x000000070d200000| Untracked 
|  86|0x000000070d400000, 0x000000070d400000, 0x000000070d600000|  0%| F|  |TAMS 0x000000070d400000, 0x000000070d400000| Untracked 
|  87|0x000000070d600000, 0x000000070d600000, 0x000000070d800000|  0%| F|  |TAMS 0x000000070d600000, 0x000000070d600000| Untracked 
|  88|0x000000070d800000, 0x000000070d800000, 0x000000070da00000|  0%| F|  |TAMS 0x000000070d800000, 0x000000070d800000| Untracked 
|  89|0x000000070da00000, 0x000000070da00000, 0x000000070dc00000|  0%| F|  |TAMS 0x000000070da00000, 0x000000070da00000| Untracked 
|  90|0x000000070dc00000, 0x000000070dc00000, 0x000000070de00000|  0%| F|  |TAMS 0x000000070dc00000, 0x000000070dc00000| Untracked 
|  91|0x000000070de00000, 0x000000070de00000, 0x000000070e000000|  0%| F|  |TAMS 0x000000070de00000, 0x000000070de00000| Untracked 
|  92|0x000000070e000000, 0x000000070e101c10, 0x000000070e200000| 50%| E|  |TAMS 0x000000070e000000, 0x000000070e000000| Complete 
|  93|0x000000070e200000, 0x000000070e400000, 0x000000070e400000|100%| E|CS|TAMS 0x000000070e200000, 0x000000070e200000| Complete 
|  94|0x000000070e400000, 0x000000070e600000, 0x000000070e600000|100%| E|CS|TAMS 0x000000070e400000, 0x000000070e400000| Complete 
|  95|0x000000070e600000, 0x000000070e800000, 0x000000070e800000|100%| E|CS|TAMS 0x000000070e600000, 0x000000070e600000| Complete 
|  96|0x000000070e800000, 0x000000070ea00000, 0x000000070ea00000|100%| E|CS|TAMS 0x000000070e800000, 0x000000070e800000| Complete 
|  97|0x000000070ea00000, 0x000000070ec00000, 0x000000070ec00000|100%| E|CS|TAMS 0x000000070ea00000, 0x000000070ea00000| Complete 
|  98|0x000000070ec00000, 0x000000070ee00000, 0x000000070ee00000|100%| E|CS|TAMS 0x000000070ec00000, 0x000000070ec00000| Complete 
|  99|0x000000070ee00000, 0x000000070f000000, 0x000000070f000000|100%| E|CS|TAMS 0x000000070ee00000, 0x000000070ee00000| Complete 
| 100|0x000000070f000000, 0x000000070f200000, 0x000000070f200000|100%| E|CS|TAMS 0x000000070f000000, 0x000000070f000000| Complete 
| 101|0x000000070f200000, 0x000000070f400000, 0x000000070f400000|100%| E|CS|TAMS 0x000000070f200000, 0x000000070f200000| Complete 
| 102|0x000000070f400000, 0x000000070f600000, 0x000000070f600000|100%| E|CS|TAMS 0x000000070f400000, 0x000000070f400000| Complete 
| 103|0x000000070f600000, 0x000000070f800000, 0x000000070f800000|100%| E|CS|TAMS 0x000000070f600000, 0x000000070f600000| Complete 
| 104|0x000000070f800000, 0x000000070fa00000, 0x000000070fa00000|100%| E|CS|TAMS 0x000000070f800000, 0x000000070f800000| Complete 
| 105|0x000000070fa00000, 0x000000070fc00000, 0x000000070fc00000|100%| E|CS|TAMS 0x000000070fa00000, 0x000000070fa00000| Complete 
| 106|0x000000070fc00000, 0x000000070fe00000, 0x000000070fe00000|100%| E|CS|TAMS 0x000000070fc00000, 0x000000070fc00000| Complete 
| 107|0x000000070fe00000, 0x0000000710000000, 0x0000000710000000|100%| E|CS|TAMS 0x000000070fe00000, 0x000000070fe00000| Complete 
| 108|0x0000000710000000, 0x0000000710200000, 0x0000000710200000|100%| E|CS|TAMS 0x0000000710000000, 0x0000000710000000| Complete 
| 109|0x0000000710200000, 0x0000000710400000, 0x0000000710400000|100%| E|CS|TAMS 0x0000000710200000, 0x0000000710200000| Complete 
| 110|0x0000000710400000, 0x0000000710600000, 0x0000000710600000|100%| E|CS|TAMS 0x0000000710400000, 0x0000000710400000| Complete 
| 111|0x0000000710600000, 0x0000000710800000, 0x0000000710800000|100%| E|CS|TAMS 0x0000000710600000, 0x0000000710600000| Complete 
| 112|0x0000000710800000, 0x0000000710a00000, 0x0000000710a00000|100%| E|CS|TAMS 0x0000000710800000, 0x0000000710800000| Complete 
| 113|0x0000000710a00000, 0x0000000710c00000, 0x0000000710c00000|100%| E|CS|TAMS 0x0000000710a00000, 0x0000000710a00000| Complete 
| 114|0x0000000710c00000, 0x0000000710e00000, 0x0000000710e00000|100%| E|CS|TAMS 0x0000000710c00000, 0x0000000710c00000| Complete 
| 115|0x0000000710e00000, 0x0000000711000000, 0x0000000711000000|100%| E|CS|TAMS 0x0000000710e00000, 0x0000000710e00000| Complete 
| 116|0x0000000711000000, 0x0000000711200000, 0x0000000711200000|100%| E|CS|TAMS 0x0000000711000000, 0x0000000711000000| Complete 
| 117|0x0000000711200000, 0x0000000711400000, 0x0000000711400000|100%| E|CS|TAMS 0x0000000711200000, 0x0000000711200000| Complete 
| 118|0x0000000711400000, 0x0000000711600000, 0x0000000711600000|100%| E|CS|TAMS 0x0000000711400000, 0x0000000711400000| Complete 
| 119|0x0000000711600000, 0x0000000711800000, 0x0000000711800000|100%| E|CS|TAMS 0x0000000711600000, 0x0000000711600000| Complete 
| 120|0x0000000711800000, 0x0000000711a00000, 0x0000000711a00000|100%| E|CS|TAMS 0x0000000711800000, 0x0000000711800000| Complete 
| 121|0x0000000711a00000, 0x0000000711c00000, 0x0000000711c00000|100%| E|CS|TAMS 0x0000000711a00000, 0x0000000711a00000| Complete 
| 122|0x0000000711c00000, 0x0000000711e00000, 0x0000000711e00000|100%| E|CS|TAMS 0x0000000711c00000, 0x0000000711c00000| Complete 
| 123|0x0000000711e00000, 0x0000000712000000, 0x0000000712000000|100%| E|CS|TAMS 0x0000000711e00000, 0x0000000711e00000| Complete 
| 124|0x0000000712000000, 0x0000000712200000, 0x0000000712200000|100%| E|CS|TAMS 0x0000000712000000, 0x0000000712000000| Complete 
| 125|0x0000000712200000, 0x0000000712400000, 0x0000000712400000|100%| E|CS|TAMS 0x0000000712200000, 0x0000000712200000| Complete 
| 126|0x0000000712400000, 0x0000000712600000, 0x0000000712600000|100%| E|CS|TAMS 0x0000000712400000, 0x0000000712400000| Complete 

Card table byte_map: [0x000001badb8d0000,0x000001badc0c0000] _byte_map_base: 0x000001bad80bc000

Marking Bits (Prev, Next): (CMBitMap*) 0x000001bac3dae320, (CMBitMap*) 0x000001bac3dae360
 Prev Bits: [0x000001badc8b0000, 0x000001bae0810000)
 Next Bits: [0x000001bae0810000, 0x000001bae4770000)

Polling page: 0x000001bac24b0000

Metaspace:

Usage:
  Non-class:     17.68 MB used.
      Class:      2.25 MB used.
       Both:     19.93 MB used.

Virtual space:
  Non-class space:       64.00 MB reserved,      17.88 MB ( 28%) committed,  1 nodes.
      Class space:        1.00 GB reserved,       2.38 MB ( <1%) committed,  1 nodes.
             Both:        1.06 GB reserved,      20.25 MB (  2%) committed. 

Chunk freelists:
   Non-Class:  14.17 MB
       Class:  13.55 MB
        Both:  27.72 MB

MaxMetaspaceSize: unlimited
CompressedClassSpaceSize: 1.00 GB
Initial GC threshold: 21.00 MB
Current GC threshold: 21.00 MB
CDS: on
MetaspaceReclaimPolicy: balanced
 - commit_granule_bytes: 65536.
 - commit_granule_words: 8192.
 - virtual_space_node_default_size: 8388608.
 - enlarge_chunks_in_place: 1.
 - new_chunks_are_fully_committed: 0.
 - uncommit_free_chunks: 1.
 - use_allocation_guard: 0.
 - handle_deallocations: 1.


Internal statistics:

num_allocs_failed_limit: 0.
num_arena_births: 158.
num_arena_deaths: 0.
num_vsnodes_births: 2.
num_vsnodes_deaths: 0.
num_space_committed: 324.
num_space_uncommitted: 0.
num_chunks_returned_to_freelist: 0.
num_chunks_taken_from_freelist: 900.
num_chunk_merges: 0.
num_chunk_splits: 616.
num_chunks_enlarged: 484.
num_inconsistent_stats: 0.

CodeHeap 'non-profiled nmethods': size=120000Kb used=3041Kb max_used=3041Kb free=116958Kb
 bounds [0x000001bad3150000, 0x000001bad3450000, 0x000001bada680000]
CodeHeap 'profiled nmethods': size=120000Kb used=11424Kb max_used=11424Kb free=108575Kb
 bounds [0x000001bacb680000, 0x000001bacc1b0000, 0x000001bad2bb0000]
CodeHeap 'non-nmethods': size=5760Kb used=1195Kb max_used=1292Kb free=4564Kb
 bounds [0x000001bad2bb0000, 0x000001bad2e20000, 0x000001bad3150000]
 total_blobs=5624 nmethods=5136 adapters=400
 compilation: enabled
              stopped_count=0, restarted_count=0
 full_count=0

Compilation events (20 events):
Event: 5.604 Thread 0x000001bae73a0080 5125       3       java.lang.invoke.LambdaForm$BasicType::basicTypeSlots (8 bytes)
Event: 5.604 Thread 0x000001bae73a0080 nmethod 5125 0x000001bacc19e310 code [0x000001bacc19e4a0, 0x000001bacc19e618]
Event: 5.604 Thread 0x000001bae73a0080 5126       3       sun.invoke.util.Wrapper::stackSlots (9 bytes)
Event: 5.605 Thread 0x000001bae73a0080 nmethod 5126 0x000001bacc19e710 code [0x000001bacc19e8a0, 0x000001bacc19e9b8]
Event: 5.605 Thread 0x000001bae73a0080 5128       3       jdk.internal.org.objectweb.asm.ClassWriter::visit (160 bytes)
Event: 5.606 Thread 0x000001bae73a0080 nmethod 5128 0x000001bacc19ea90 code [0x000001bacc19ecc0, 0x000001bacc19f538]
Event: 5.606 Thread 0x000001bae73a0080 5129       3       jdk.internal.org.objectweb.asm.SymbolTable::setMajorVersionAndClassName (19 bytes)
Event: 5.606 Thread 0x000001bae73a0080 nmethod 5129 0x000001bacc19f990 code [0x000001bacc19fb40, 0x000001bacc19fd48]
Event: 5.610 Thread 0x000001bae73a0080 5132       3       java.lang.Module::isExported (18 bytes)
Event: 5.610 Thread 0x000001bae73a0080 nmethod 5132 0x000001bacc19fe90 code [0x000001bacc1a0060, 0x000001bacc1a0468]
Event: 5.618 Thread 0x000001bae7982fd0 5134       4       org.codehaus.plexus.classworlds.realm.Entry::matches (282 bytes)
Event: 5.630 Thread 0x000001bae73a0080 5135       3       java.lang.NamedPackage::<init> (59 bytes)
Event: 5.631 Thread 0x000001bae73a0080 nmethod 5135 0x000001bacc1a0610 code [0x000001bacc1a08a0, 0x000001bacc1a13b8]
Event: 5.644 Thread 0x000001bae73a0080 5136       3       java.lang.ClassLoader::definePackage (53 bytes)
Event: 5.645 Thread 0x000001bae7982fd0 nmethod 5134 0x000001bad3446c90 code [0x000001bad3446e80, 0x000001bad3447b68]
Event: 5.645 Thread 0x000001bae73a0080 nmethod 5136 0x000001bacc1a1790 code [0x000001bacc1a1980, 0x000001bacc1a1ed8]
Event: 5.646 Thread 0x000001bae73a0080 5137       3       java.net.URLClassLoader::definePackage (274 bytes)
Event: 5.650 Thread 0x000001bae73a0080 nmethod 5137 0x000001bacc1a2190 code [0x000001bacc1a2800, 0x000001bacc1a6838]
Event: 5.666 Thread 0x000001bae7982fd0 5138       4       java.security.CodeSource::getCertificates (98 bytes)
Event: 5.667 Thread 0x000001bae7982fd0 nmethod 5138 0x000001bad3448390 code [0x000001bad3448500, 0x000001bad34485b8]

GC Heap History (6 events):
Event: 0.789 GC heap before
{Heap before GC invocations=0 (full 0):
 garbage-first heap   total 260096K, used 22528K [0x0000000702800000, 0x0000000800000000)
  region size 2048K, 11 young (22528K), 0 survivors (0K)
 Metaspace       used 5398K, committed 5632K, reserved 1114112K
  class space    used 651K, committed 768K, reserved 1048576K
}
Event: 0.794 GC heap after
{Heap after GC invocations=1 (full 0):
 garbage-first heap   total 260096K, used 3732K [0x0000000702800000, 0x0000000800000000)
  region size 2048K, 2 young (4096K), 2 survivors (4096K)
 Metaspace       used 5398K, committed 5632K, reserved 1114112K
  class space    used 651K, committed 768K, reserved 1048576K
}
Event: 1.491 GC heap before
{Heap before GC invocations=1 (full 0):
 garbage-first heap   total 260096K, used 34452K [0x0000000702800000, 0x0000000800000000)
  region size 2048K, 17 young (34816K), 2 survivors (4096K)
 Metaspace       used 9390K, committed 9536K, reserved 1114112K
  class space    used 1142K, committed 1216K, reserved 1048576K
}
Event: 1.495 GC heap after
{Heap after GC invocations=2 (full 0):
 garbage-first heap   total 260096K, used 5227K [0x0000000702800000, 0x0000000800000000)
  region size 2048K, 1 young (2048K), 1 survivors (2048K)
 Metaspace       used 9390K, committed 9536K, reserved 1114112K
  class space    used 1142K, committed 1216K, reserved 1048576K
}
Event: 4.751 GC heap before
{Heap before GC invocations=2 (full 0):
 garbage-first heap   total 260096K, used 191595K [0x0000000702800000, 0x0000000800000000)
  region size 2048K, 76 young (155648K), 1 survivors (2048K)
 Metaspace       used 17783K, committed 18048K, reserved 1114112K
  class space    used 2051K, committed 2176K, reserved 1048576K
}
Event: 4.762 GC heap after
{Heap after GC invocations=3 (full 0):
 garbage-first heap   total 260096K, used 15635K [0x0000000702800000, 0x0000000800000000)
  region size 2048K, 6 young (12288K), 6 survivors (12288K)
 Metaspace       used 17783K, committed 18048K, reserved 1114112K
  class space    used 2051K, committed 2176K, reserved 1048576K
}

Deoptimization events (20 events):
Event: 5.176 Thread 0x000001bac3d3e5d0 Uncommon trap: trap_request=0xffffffd6 fr.pc=0x000001bad341d748 relative=0x00000000000004a8
Event: 5.176 Thread 0x000001bac3d3e5d0 Uncommon trap: reason=array_check action=maybe_recompile pc=0x000001bad341d748 method=java.util.HashMap.keysToArray([Ljava/lang/Object;)[Ljava/lang/Object; @ 62 c2
Event: 5.176 Thread 0x000001bac3d3e5d0 DEOPT PACKING pc=0x000001bad341d748 sp=0x00000060a4afc180
Event: 5.176 Thread 0x000001bac3d3e5d0 DEOPT UNPACKING pc=0x000001bad2c023a3 sp=0x00000060a4afc108 mode 2
Event: 5.180 Thread 0x000001bac3d3e5d0 Uncommon trap: trap_request=0xffffffd6 fr.pc=0x000001bad341d748 relative=0x00000000000004a8
Event: 5.180 Thread 0x000001bac3d3e5d0 Uncommon trap: reason=array_check action=maybe_recompile pc=0x000001bad341d748 method=java.util.HashMap.keysToArray([Ljava/lang/Object;)[Ljava/lang/Object; @ 62 c2
Event: 5.180 Thread 0x000001bac3d3e5d0 DEOPT PACKING pc=0x000001bad341d748 sp=0x00000060a4afbf10
Event: 5.180 Thread 0x000001bac3d3e5d0 DEOPT UNPACKING pc=0x000001bad2c023a3 sp=0x00000060a4afbe98 mode 2
Event: 5.400 Thread 0x000001bac3d3e5d0 Uncommon trap: trap_request=0xffffff76 fr.pc=0x000001bad34097e4 relative=0x00000000000001c4
Event: 5.400 Thread 0x000001bac3d3e5d0 Uncommon trap: reason=predicate action=maybe_recompile pc=0x000001bad34097e4 method=java.util.LinkedHashMap.valuesToArray([Ljava/lang/Object;)[Ljava/lang/Object; @ 12 c2
Event: 5.400 Thread 0x000001bac3d3e5d0 DEOPT PACKING pc=0x000001bad34097e4 sp=0x00000060a4afc820
Event: 5.400 Thread 0x000001bac3d3e5d0 DEOPT UNPACKING pc=0x000001bad2c023a3 sp=0x00000060a4afc7d8 mode 2
Event: 5.524 Thread 0x000001bac3d3e5d0 Uncommon trap: trap_request=0xffffff45 fr.pc=0x000001bad3241ac8 relative=0x0000000000000e88
Event: 5.524 Thread 0x000001bac3d3e5d0 Uncommon trap: reason=unstable_if action=reinterpret pc=0x000001bad3241ac8 method=com.google.inject.internal.MoreTypes.canonicalize(Ljava/lang/reflect/Type;)Ljava/lang/reflect/Type; @ 113 c2
Event: 5.524 Thread 0x000001bac3d3e5d0 DEOPT PACKING pc=0x000001bad3241ac8 sp=0x00000060a4afc670
Event: 5.524 Thread 0x000001bac3d3e5d0 DEOPT UNPACKING pc=0x000001bad2c023a3 sp=0x00000060a4afc670 mode 2
Event: 5.529 Thread 0x000001bac3d3e5d0 Uncommon trap: trap_request=0xffffff45 fr.pc=0x000001bad33e4888 relative=0x0000000000000c08
Event: 5.529 Thread 0x000001bac3d3e5d0 Uncommon trap: reason=unstable_if action=reinterpret pc=0x000001bad33e4888 method=org.codehaus.plexus.classworlds.realm.Entry.matches(Ljava/lang/String;)Z @ 150 c2
Event: 5.529 Thread 0x000001bac3d3e5d0 DEOPT PACKING pc=0x000001bad33e4888 sp=0x00000060a4afba20
Event: 5.529 Thread 0x000001bac3d3e5d0 DEOPT UNPACKING pc=0x000001bad2c023a3 sp=0x00000060a4afb9e0 mode 2

Classes unloaded (0 events):
No events

Classes redefined (0 events):
No events

Internal exceptions (20 events):
Event: 2.885 Thread 0x000001bac3d3e5d0 Implicit null exception at 0x000001bad325ff35 to 0x000001bad326151c
Event: 2.885 Thread 0x000001bac3d3e5d0 Implicit null exception at 0x000001bad3207eef to 0x000001bad32080e8
Event: 2.885 Thread 0x000001bac3d3e5d0 Implicit null exception at 0x000001bad31dfce0 to 0x000001bad31dfd7a
Event: 3.617 Thread 0x000001bac3d3e5d0 Implicit null exception at 0x000001bad326678f to 0x000001bad3266809
Event: 3.726 Thread 0x000001bac3d3e5d0 Exception <a 'java/lang/NoSuchMethodError'{0x000000070c3f9220}: 'java.lang.Object java.lang.invoke.DirectMethodHandle$Holder.newInvokeSpecial(java.lang.Object, java.lang.Object, java.lang.Object, java.lang.Object, java.lang.Object, java.lang.Object, java.lang.Object)'> (0x000000070c3f9220) 
thrown [s\open\src\hotspot\share\interpreter\linkResolver.cpp, line 759]
Event: 3.727 Thread 0x000001bac3d3e5d0 Exception <a 'java/lang/NoSuchMethodError'{0x000000070c3fdb30}: 'java.lang.Object java.lang.invoke.Invokers$Holder.linkToTargetMethod(java.lang.Object, java.lang.Object, java.lang.Object, java.lang.Object, java.lang.Object, java.lang.Object, java.lang.Object)'> (0x000000070c3fdb30) 
thrown [s\open\src\hotspot\share\interpreter\linkResolver.cpp, line 759]
Event: 3.927 Thread 0x000001bac3d3e5d0 Implicit null exception at 0x000001bad3333bd4 to 0x000001bad3334378
Event: 3.936 Thread 0x000001bac3d3e5d0 Exception <a 'java/lang/NoSuchMethodError'{0x000000070b9e4948}: 'int java.lang.invoke.DirectMethodHandle$Holder.invokeVirtual(java.lang.Object, java.lang.Object)'> (0x000000070b9e4948) 
thrown [s\open\src\hotspot\share\interpreter\linkResolver.cpp, line 759]
Event: 4.004 Thread 0x000001bac3d3e5d0 Exception <a 'java/lang/NoSuchMethodError'{0x000000070b7cf408}: 'int java.lang.invoke.DirectMethodHandle$Holder.invokeStatic(java.lang.Object, java.lang.Object, int)'> (0x000000070b7cf408) 
thrown [s\open\src\hotspot\share\interpreter\linkResolver.cpp, line 759]
Event: 4.768 Thread 0x000001bac3d3e5d0 Implicit null exception at 0x000001bad336b786 to 0x000001bad336cfa4
Event: 5.577 Thread 0x000001bac3d3e5d0 Exception <a 'java/lang/NoSuchMethodError'{0x000000070e9e1e40}: 'void java.lang.invoke.DirectMethodHandle$Holder.invokeStatic(java.lang.Object, long)'> (0x000000070e9e1e40) 
thrown [s\open\src\hotspot\share\interpreter\linkResolver.cpp, line 759]
Event: 5.578 Thread 0x000001bac3d3e5d0 Exception <a 'java/lang/NoSuchMethodError'{0x000000070e9e7520}: 'java.lang.Object java.lang.invoke.DirectMethodHandle$Holder.newInvokeSpecial(java.lang.Object, long)'> (0x000000070e9e7520) 
thrown [s\open\src\hotspot\share\interpreter\linkResolver.cpp, line 759]
Event: 5.579 Thread 0x000001bac3d3e5d0 Exception <a 'java/lang/NoSuchMethodError'{0x000000070e9eee18}: 'java.lang.Object java.lang.invoke.DirectMethodHandle$Holder.invokeStatic(java.lang.Object, java.lang.Object, long, java.lang.Object)'> (0x000000070e9eee18) 
thrown [s\open\src\hotspot\share\interpreter\linkResolver.cpp, line 759]
Event: 5.580 Thread 0x000001bac3d3e5d0 Exception <a 'java/lang/NoSuchMethodError'{0x000000070e9f25f0}: 'java.lang.Object java.lang.invoke.DirectMethodHandle$Holder.invokeStaticInit(java.lang.Object, java.lang.Object, long, java.lang.Object)'> (0x000000070e9f25f0) 
thrown [s\open\src\hotspot\share\interpreter\linkResolver.cpp, line 759]
Event: 5.581 Thread 0x000001bac3d3e5d0 Exception <a 'java/lang/NoSuchMethodError'{0x000000070e9f8cc0}: 'java.lang.Object java.lang.invoke.DirectMethodHandle$Holder.newInvokeSpecial(java.lang.Object, java.lang.Object, long)'> (0x000000070e9f8cc0) 
thrown [s\open\src\hotspot\share\interpreter\linkResolver.cpp, line 759]
Event: 5.581 Thread 0x000001bac3d3e5d0 Exception <a 'java/lang/NoSuchMethodError'{0x000000070e9fcfb0}: 'java.lang.Object java.lang.invoke.Invokers$Holder.linkToTargetMethod(java.lang.Object, long, java.lang.Object)'> (0x000000070e9fcfb0) 
thrown [s\open\src\hotspot\share\interpreter\linkResolver.cpp, line 759]
Event: 5.603 Thread 0x000001bac3d3e5d0 Exception <a 'java/lang/NoSuchMethodError'{0x000000070e6d8c58}: 'java.lang.Object java.lang.invoke.DirectMethodHandle$Holder.invokeStatic(java.lang.Object, java.lang.Object, int, java.lang.Object)'> (0x000000070e6d8c58) 
thrown [s\open\src\hotspot\share\interpreter\linkResolver.cpp, line 759]
Event: 5.605 Thread 0x000001bac3d3e5d0 Exception <a 'java/lang/NoSuchMethodError'{0x000000070e6e0b58}: 'java.lang.Object java.lang.invoke.DirectMethodHandle$Holder.newInvokeSpecial(java.lang.Object, java.lang.Object, int)'> (0x000000070e6e0b58) 
thrown [s\open\src\hotspot\share\interpreter\linkResolver.cpp, line 759]
Event: 5.610 Thread 0x000001bac3d3e5d0 Exception <a 'java/lang/NoSuchMethodError'{0x000000070e711908}: 'void java.lang.invoke.DirectMethodHandle$Holder.invokeInterface(java.lang.Object, java.lang.Object, java.lang.Object)'> (0x000000070e711908) 
thrown [s\open\src\hotspot\share\interpreter\linkResolver.cpp, line 759]
Event: 5.627 Thread 0x000001bac3d3e5d0 Exception <a 'sun/nio/fs/WindowsException'{0x000000070e7baa50}> (0x000000070e7baa50) 
thrown [s\open\src\hotspot\share\prims\jni.cpp, line 516]

VM Operations (20 events):
Event: 3.111 Executing VM operation: ICBufferFull
Event: 3.112 Executing VM operation: ICBufferFull done
Event: 3.437 Executing VM operation: ICBufferFull
Event: 3.437 Executing VM operation: ICBufferFull done
Event: 3.828 Executing VM operation: ICBufferFull
Event: 3.828 Executing VM operation: ICBufferFull done
Event: 4.179 Executing VM operation: ICBufferFull
Event: 4.180 Executing VM operation: ICBufferFull done
Event: 4.676 Executing VM operation: HandshakeAllThreads
Event: 4.676 Executing VM operation: HandshakeAllThreads done
Event: 4.751 Executing VM operation: G1CollectForAllocation
Event: 4.762 Executing VM operation: G1CollectForAllocation done
Event: 5.501 Executing VM operation: ICBufferFull
Event: 5.501 Executing VM operation: ICBufferFull done
Event: 5.583 Executing VM operation: HandshakeAllThreads
Event: 5.583 Executing VM operation: HandshakeAllThreads done
Event: 5.623 Executing VM operation: HandshakeAllThreads
Event: 5.623 Executing VM operation: HandshakeAllThreads done
Event: 6.629 Executing VM operation: Cleanup
Event: 6.629 Executing VM operation: Cleanup done

Events (20 events):
Event: 5.582 loading class java/lang/ProcessImpl$2
Event: 5.583 loading class java/lang/ProcessImpl$2 done
Event: 5.583 loading class java/lang/Process$PipeInputStream
Event: 5.583 loading class java/lang/Process$PipeInputStream done
Event: 5.583 loading class jdk/internal/event/ProcessStartEvent
Event: 5.583 loading class jdk/internal/event/ProcessStartEvent done
Event: 5.599 loading class java/util/concurrent/Executors$FinalizableDelegatedExecutorService
Event: 5.600 loading class java/util/concurrent/Executors$DelegatedExecutorService
Event: 5.600 loading class java/util/concurrent/Executors$DelegatedExecutorService done
Event: 5.600 loading class java/util/concurrent/Executors$FinalizableDelegatedExecutorService done
Event: 5.600 loading class java/util/concurrent/Executors$DefaultThreadFactory
Event: 5.600 loading class java/util/concurrent/Executors$DefaultThreadFactory done
Event: 5.625 loading class java/nio/file/FileAlreadyExistsException
Event: 5.625 loading class java/nio/file/FileAlreadyExistsException done
Event: 5.626 loading class sun/nio/fs/WindowsException
Event: 5.627 loading class sun/nio/fs/WindowsException done
Event: 5.627 loading class sun/nio/fs/WindowsDirectoryStream
Event: 5.627 loading class java/nio/file/DirectoryStream
Event: 5.627 loading class java/nio/file/DirectoryStream done
Event: 5.627 loading class sun/nio/fs/WindowsDirectoryStream done


Dynamic libraries:
0x00007ff6569f0000 - 0x00007ff656a00000 	C:\Program Files\Java\jdk-17\bin\java.exe
0x00007ffbb12c0000 - 0x00007ffbb1525000 	C:\WINDOWS\SYSTEM32\ntdll.dll
0x00007ffbaf960000 - 0x00007ffbafa29000 	C:\WINDOWS\System32\KERNEL32.DLL
0x00007ffbae410000 - 0x00007ffbae7f8000 	C:\WINDOWS\System32\KERNELBASE.dll
0x00007ffbae800000 - 0x00007ffbae94b000 	C:\WINDOWS\System32\ucrtbase.dll
0x00007ffb9d7d0000 - 0x00007ffb9d7e9000 	C:\Program Files\Java\jdk-17\bin\jli.dll
0x00007ffb9d7b0000 - 0x00007ffb9d7cb000 	C:\Program Files\Java\jdk-17\bin\VCRUNTIME140.dll
0x00007ffbaff30000 - 0x00007ffbaffe3000 	C:\WINDOWS\System32\ADVAPI32.dll
0x00007ffbb0220000 - 0x00007ffbb02c9000 	C:\WINDOWS\System32\msvcrt.dll
0x00007ffbb04d0000 - 0x00007ffbb0576000 	C:\WINDOWS\System32\sechost.dll
0x00007ffbb0cd0000 - 0x00007ffbb0de5000 	C:\WINDOWS\System32\RPCRT4.dll
0x00007ffbaf6a0000 - 0x00007ffbaf86a000 	C:\WINDOWS\System32\USER32.dll
0x00007ffbaeee0000 - 0x00007ffbaef07000 	C:\WINDOWS\System32\win32u.dll
0x00007ffb953a0000 - 0x00007ffb9563a000 	C:\WINDOWS\WinSxS\amd64_microsoft.windows.common-controls_6595b64144ccf1df_6.0.26100.4202_none_3e0698d4e335f517\COMCTL32.dll
0x00007ffbb02d0000 - 0x00007ffbb02fb000 	C:\WINDOWS\System32\GDI32.dll
0x00007ffbae950000 - 0x00007ffbaea87000 	C:\WINDOWS\System32\gdi32full.dll
0x00007ffbaef10000 - 0x00007ffbaefb3000 	C:\WINDOWS\System32\msvcp_win.dll
0x00007ffb9feb0000 - 0x00007ffb9febb000 	C:\WINDOWS\SYSTEM32\VERSION.dll
0x00007ffbafe40000 - 0x00007ffbafe70000 	C:\WINDOWS\System32\IMM32.DLL
0x00007ffb9d7a0000 - 0x00007ffb9d7ac000 	C:\Program Files\Java\jdk-17\bin\vcruntime140_1.dll
0x00007ffb7b910000 - 0x00007ffb7b99e000 	C:\Program Files\Java\jdk-17\bin\msvcp140.dll
0x00007ffb31400000 - 0x00007ffb31fe0000 	C:\Program Files\Java\jdk-17\bin\server\jvm.dll
0x00007ffbafc20000 - 0x00007ffbafc28000 	C:\WINDOWS\System32\PSAPI.DLL
0x00007ffb8cab0000 - 0x00007ffb8caba000 	C:\WINDOWS\SYSTEM32\WSOCK32.dll
0x00007ffb98380000 - 0x00007ffb983b5000 	C:\WINDOWS\SYSTEM32\WINMM.dll
0x00007ffbafa30000 - 0x00007ffbafaa4000 	C:\WINDOWS\System32\WS2_32.dll
0x00007ffbad2d0000 - 0x00007ffbad2eb000 	C:\WINDOWS\SYSTEM32\kernel.appcore.dll
0x00007ffb9d790000 - 0x00007ffb9d79a000 	C:\Program Files\Java\jdk-17\bin\jimage.dll
0x00007ffbabb80000 - 0x00007ffbabdc1000 	C:\WINDOWS\SYSTEM32\DBGHELP.DLL
0x00007ffbaf300000 - 0x00007ffbaf685000 	C:\WINDOWS\System32\combase.dll
0x00007ffbaf870000 - 0x00007ffbaf951000 	C:\WINDOWS\System32\OLEAUT32.dll
0x00007ffb8e9b0000 - 0x00007ffb8e9e9000 	C:\WINDOWS\SYSTEM32\dbgcore.DLL
0x00007ffbaefc0000 - 0x00007ffbaf059000 	C:\WINDOWS\System32\bcryptPrimitives.dll
0x00007ffb9d760000 - 0x00007ffb9d785000 	C:\Program Files\Java\jdk-17\bin\java.dll
0x00007ffb75fc0000 - 0x00007ffb76097000 	C:\Program Files\Java\jdk-17\bin\jsvml.dll
0x00007ffbb0580000 - 0x00007ffbb0cc2000 	C:\WINDOWS\System32\SHELL32.dll
0x00007ffbaea90000 - 0x00007ffbaec04000 	C:\WINDOWS\System32\wintypes.dll
0x00007ffbac050000 - 0x00007ffbac8a7000 	C:\WINDOWS\SYSTEM32\windows.storage.dll
0x00007ffbafab0000 - 0x00007ffbafba1000 	C:\WINDOWS\System32\SHCORE.dll
0x00007ffbafbb0000 - 0x00007ffbafc1a000 	C:\WINDOWS\System32\shlwapi.dll
0x00007ffbae320000 - 0x00007ffbae34f000 	C:\WINDOWS\SYSTEM32\profapi.dll
0x00007ffb9d700000 - 0x00007ffb9d719000 	C:\Program Files\Java\jdk-17\bin\net.dll
0x00007ffb9fd10000 - 0x00007ffb9fe2e000 	C:\WINDOWS\SYSTEM32\WINHTTP.dll
0x00007ffbad860000 - 0x00007ffbad8ca000 	C:\WINDOWS\system32\mswsock.dll
0x00007ffb96530000 - 0x00007ffb96546000 	C:\Program Files\Java\jdk-17\bin\nio.dll
0x00007ffb94880000 - 0x00007ffb94898000 	C:\Program Files\Java\jdk-17\bin\zip.dll
0x00007ffb94e10000 - 0x00007ffb94e34000 	C:\maven\apache-maven-3.9.9\lib\jansi-native\Windows\x86_64\jansi.dll
0x00007ffb94f80000 - 0x00007ffb94f90000 	C:\Program Files\Java\jdk-17\bin\verify.dll

dbghelp: loaded successfully - version: 4.0.5 - missing functions: none
symbol engine: initialized successfully - sym options: 0x614 - pdb path: .;C:\Program Files\Java\jdk-17\bin;C:\WINDOWS\SYSTEM32;C:\WINDOWS\WinSxS\amd64_microsoft.windows.common-controls_6595b64144ccf1df_6.0.26100.4202_none_3e0698d4e335f517;C:\Program Files\Java\jdk-17\bin\server;C:\maven\apache-maven-3.9.9\lib\jansi-native\Windows\x86_64

VM Arguments:
jvm_args: -Dclassworlds.conf=C:\maven\apache-maven-3.9.9\bin\m2.conf -Dmaven.home=C:\maven\apache-maven-3.9.9 -Dlibrary.jansi.path=C:\maven\apache-maven-3.9.9\lib\jansi-native -Dmaven.multiModuleProjectDirectory=C:\microservices\section4\loan 
java_command: org.codehaus.plexus.classworlds.launcher.Launcher compile jib:dockerBuild
java_class_path (initial): C:\maven\apache-maven-3.9.9\boot\plexus-classworlds-2.8.0.jar
Launcher Type: SUN_STANDARD

[Global flags]
     intx CICompilerCount                          = 4                                         {product} {ergonomic}
     uint ConcGCThreads                            = 2                                         {product} {ergonomic}
     uint G1ConcRefinementThreads                  = 8                                         {product} {ergonomic}
   size_t G1HeapRegionSize                         = 2097152                                   {product} {ergonomic}
    uintx GCDrainStackTargetSize                   = 64                                        {product} {ergonomic}
   size_t InitialHeapSize                          = 266338304                                 {product} {ergonomic}
   size_t MarkStackSize                            = 4194304                                   {product} {ergonomic}
   size_t MaxHeapSize                              = 4253024256                                {product} {ergonomic}
   size_t MaxNewSize                               = 2550136832                                {product} {ergonomic}
   size_t MinHeapDeltaBytes                        = 2097152                                   {product} {ergonomic}
   size_t MinHeapSize                              = 8388608                                   {product} {ergonomic}
    uintx NonNMethodCodeHeapSize                   = 5839372                                {pd product} {ergonomic}
    uintx NonProfiledCodeHeapSize                  = 122909434                              {pd product} {ergonomic}
    uintx ProfiledCodeHeapSize                     = 122909434                              {pd product} {ergonomic}
    uintx ReservedCodeCacheSize                    = 251658240                              {pd product} {ergonomic}
     bool SegmentedCodeCache                       = true                                      {product} {ergonomic}
   size_t SoftMaxHeapSize                          = 4253024256                             {manageable} {ergonomic}
     bool UseCompressedClassPointers               = true                           {product lp64_product} {ergonomic}
     bool UseCompressedOops                        = true                           {product lp64_product} {ergonomic}
     bool UseG1GC                                  = true                                      {product} {ergonomic}
     bool UseLargePagesIndividualAllocation        = false                                  {pd product} {ergonomic}

Logging:
Log output configuration:
 #0: stdout all=warning uptime,level,tags
 #1: stderr all=off uptime,level,tags

Environment Variables:
PATH=C:\Python313\Scripts\;C:\Python313\;C:\Program Files\Common Files\Oracle\Java\javapath;C:\Windows\system32;C:\Windows;C:\Windows\System32\Wbem;C:\Windows\System32\WindowsPowerShell\v1.0\;C:\Windows\System32\OpenSSH\;C:\Program Files (x86)\NVIDIA Corporation\PhysX\Common;C:\Program Files\NVIDIA Corporation\NVIDIA NvDLISR;C:\WINDOWS\system32;C:\WINDOWS;C:\WINDOWS\System32\Wbem;C:\WINDOWS\System32\WindowsPowerShell\v1.0\;C:\WINDOWS\System32\OpenSSH\;C:\MinGW\bin;C:\Program Files\Git\cmd;C:\Program Files\Git\mingw64\bin;C:\Program Files\Git\usr\bin;C:\Program Files\dotnet\;C:\ProgramData\chocolatey\bin;C:\Program Files\Java\jdk-17\bin;C:\Program Files\PostgreSQL\17\bin;C:\maven\apache-maven-3.9.9\bin;C:\Program Files\nodejs\;C:\Program Files\MongoDB\Server\8.0\bin;C:\Stripe;;C:\Program Files\Docker\Docker\resources\bin;C:\Users\Saurabh Srivastav\AppData\Local\Microsoft\WindowsApps;C:\Users\Saurabh Srivastav\AppData\Local\Programs\Microsoft VS Code\bin;C:\Program Files\JetBrains\IntelliJ IDEA Community Edition 2024.2.3\bin;;C:\Users\Saurabh Srivastav\AppData\Local\Programs\mongosh\;C:\Program Files\JetBrains\IntelliJ IDEA 2024.2.4\bin;;C:\Users\Saurabh Srivastav\AppData\Roaming\npm;C:\Program Files\MongoDB\Server\8.0\bin;
USERNAME=Saurabh Srivastav
OS=Windows_NT
PROCESSOR_IDENTIFIER=Intel64 Family 6 Model 165 Stepping 2, GenuineIntel



---------------  S Y S T E M  ---------------

OS:
 Windows 11 , 64 bit Build 26100 (10.0.26100.4202)
OS uptime: 0 days 5:12 hours
Hyper-V role detected

CPU: total 8 (initial active 8) (4 cores per cpu, 2 threads per core) family 6 model 165 stepping 2 microcode 0xe0, cx8, cmov, fxsr, ht, mmx, 3dnowpref, sse, sse2, sse3, ssse3, sse4.1, sse4.2, popcnt, lzcnt, tsc, tscinvbit, avx, avx2, aes, erms, clmul, bmi1, bmi2, adx, fma, vzeroupper, clflush, clflushopt, hv

Memory: 4k page, system-wide physical 16221M (5441M free)
TotalPageFile size 16221M (AvailPageFile size 46M)
current process WorkingSet (physical memory assigned to process): 318M, peak: 318M
current process commit charge ("private bytes"): 422M, peak: 423M

vm_info: Java HotSpot(TM) 64-Bit Server VM (17.0.12+8-LTS-286) for windows-amd64 JRE (17.0.12+8-LTS-286), built on Jun  5 2024 06:46:59 by "mach5one" with MS VC++ 17.6 (VS2022)

END.
