#
# There is insufficient memory for the Java Runtime Environment to continue.
# Native memory allocation (mmap) failed to map 266338304 bytes for G1 virtual space
# Possible reasons:
#   The system is out of physical RAM or swap space
#   The process is running with CompressedOops enabled, and the Java Heap may be blocking the growth of the native heap
# Possible solutions:
#   Reduce memory load on the system
#   Increase physical memory or swap space
#   Check if swap backing store is full
#   Decrease Java heap size (-Xmx/-Xms)
#   Decrease number of Java threads
#   Decrease Java thread stack sizes (-Xss)
#   Set larger code cache with -XX:ReservedCodeCacheSize=
#   JVM is running with Zero Based Compressed Oops mode in which the Java heap is
#     placed in the first 32GB address space. The Java Heap base address is the
#     maximum limit for the native heap growth. Please use -XX:HeapBaseMinAddress
#     to set the Java Heap base and to place the Java Heap above 32GB virtual address.
# This output file may be truncated or incomplete.
#
#  Out of Memory Error (os_windows.cpp:3548), pid=19528, tid=15852
#
# JRE version:  (17.0.12+8) (build )
# Java VM: Java HotSpot(TM) 64-Bit Server VM (17.0.12+8-LTS-286, mixed mode, emulated-client, sharing, tiered, compressed oops, compressed class ptrs, g1 gc, windows-amd64)
# No core dump will be written. Minidumps are not enabled by default on client versions of Windows
#

---------------  S U M M A R Y ------------

Command Line: -agentlib:jdwp=transport=dt_socket,address=127.0.0.1:54516,suspend=y,server=n -XX:TieredStopAtLevel=1 -Dspring.output.ansi.enabled=always -Dcom.sun.management.jmxremote -Dspring.jmx.enabled=true -Dspring.liveBeansView.mbeanDomain -Dspring.application.admin.enabled=true -Dmanagement.endpoints.jmx.exposure.include=* -javaagent:C:\Users\SAURAB~1\AppData\Local\Temp\captureAgent79810jars\debugger-agent.jar -Dkotlinx.coroutines.debug.enable.creation.stack.trace=false -Ddebugger.agent.enable.coroutines=true -Dfile.encoding=UTF-8 com.microservices.configserver.ConfigserverApplication

Host: Intel(R) Core(TM) i5-10300H CPU @ 2.50GHz, 8 cores, 15G,  Windows 11 , 64 bit Build 26100 (10.0.26100.4484)
Time: Wed Jul  2 23:32:55 2025 India Standard Time elapsed time: 1.708500 seconds (0d 0h 0m 1s)

---------------  T H R E A D  ---------------

Current thread (0x000002789da74a30):  JavaThread "Unknown thread" [_thread_in_vm, id=15852, stack(0x0000008e5b500000,0x0000008e5b600000)]

Stack: [0x0000008e5b500000,0x0000008e5b600000]
Native frames: (J=compiled Java code, j=interpreted, Vv=VM code, C=native code)
V  [jvm.dll+0x67a04a]
V  [jvm.dll+0x7da4ed]
V  [jvm.dll+0x7dbe33]
V  [jvm.dll+0x7dc4a3]
V  [jvm.dll+0x24508f]
V  [jvm.dll+0x677089]
V  [jvm.dll+0x66bd32]
V  [jvm.dll+0x301fa6]
V  [jvm.dll+0x309546]
V  [jvm.dll+0x359d2e]
V  [jvm.dll+0x359f5f]
V  [jvm.dll+0x2d9078]
V  [jvm.dll+0x2d9fe4]
V  [jvm.dll+0x7aca21]
V  [jvm.dll+0x367591]
V  [jvm.dll+0x78b999]
V  [jvm.dll+0x3ec83f]
V  [jvm.dll+0x3ee471]
C  [jli.dll+0x5297]
C  [ucrtbase.dll+0x37b0]
C  [KERNEL32.DLL+0x2e8d7]
C  [ntdll.dll+0x3c34c]


---------------  P R O C E S S  ---------------

Threads class SMR info:
_java_thread_list=0x00007ffb44137a18, length=0, elements={
}

Java Threads: ( => current thread )

Other Threads:
  0x000002789daddd10 GCTaskThread "GC Thread#0" [stack: 0x0000008e5b600000,0x0000008e5b700000] [id=3724]
  0x000002789d66ec60 ConcurrentGCThread "G1 Main Marker" [stack: 0x0000008e5b700000,0x0000008e5b800000] [id=22824]
  0x000002789daf0c20 ConcurrentGCThread "G1 Conc#0" [stack: 0x0000008e5b800000,0x0000008e5b900000] [id=12344]

[error occurred during error reporting (printing all threads), id 0xc0000005, EXCEPTION_ACCESS_VIOLATION (0xc0000005) at pc=0x00007ffb43969b67]

VM state: not at safepoint (not fully initialized)

VM Mutex/Monitor currently owned by a thread:  ([mutex/lock_event])
[0x000002789da70a40] Heap_lock - owner thread: 0x000002789da74a30

Heap address: 0x0000000702800000, size: 4056 MB, Compressed Oops mode: Zero based, Oop shift amount: 3

CDS archive(s) mapped at: [0x0000000000000000-0x0000000000000000-0x0000000000000000), size 0, SharedBaseAddress: 0x0000000800000000, ArchiveRelocationMode: 1.
Narrow klass base: 0x0000000000000000, Narrow klass shift: 0, Narrow klass range: 0x0

GC Precious Log:
<Empty>

Heap:
 garbage-first heap   total 0K, used 0K [0x0000000702800000, 0x0000000800000000)
  region size 2048K, 0 young (0K), 0 survivors (0K)

[error occurred during error reporting (printing heap information), id 0xc0000005, EXCEPTION_ACCESS_VIOLATION (0xc0000005) at pc=0x00007ffb43d53859]

GC Heap History (0 events):
No events

Deoptimization events (0 events):
No events

Classes unloaded (0 events):
No events

Classes redefined (0 events):
No events

Internal exceptions (0 events):
No events

VM Operations (0 events):
No events

Events (2 events):
Event: 0.013 Loaded shared library C:\Program Files\Java\jdk-17\bin\java.dll
Event: 0.014 Loaded shared library C:\Program Files\Java\jdk-17\bin\zip.dll


Dynamic libraries:
0x00007ff608610000 - 0x00007ff608620000 	C:\Program Files\Java\jdk-17\bin\java.exe
0x00007ffbd2620000 - 0x00007ffbd2888000 	C:\WINDOWS\SYSTEM32\ntdll.dll
0x00007ffbd11e0000 - 0x00007ffbd12a9000 	C:\WINDOWS\System32\KERNEL32.DLL
0x00007ffbcf770000 - 0x00007ffbcfb5d000 	C:\WINDOWS\System32\KERNELBASE.dll
0x00007ffbcfe20000 - 0x00007ffbcff6b000 	C:\WINDOWS\System32\ucrtbase.dll
0x00007ffbbfe30000 - 0x00007ffbbfe4b000 	C:\Program Files\Java\jdk-17\bin\VCRUNTIME140.dll
0x00007ffbb4f20000 - 0x00007ffbb4f39000 	C:\Program Files\Java\jdk-17\bin\jli.dll
0x00007ffbd0fd0000 - 0x00007ffbd1084000 	C:\WINDOWS\System32\ADVAPI32.dll
0x00007ffbd1430000 - 0x00007ffbd14d9000 	C:\WINDOWS\System32\msvcrt.dll
0x00007ffbd1090000 - 0x00007ffbd1136000 	C:\WINDOWS\System32\sechost.dll
0x00007ffbd1530000 - 0x00007ffbd1648000 	C:\WINDOWS\System32\RPCRT4.dll
0x00007ffbd0b80000 - 0x00007ffbd0d4c000 	C:\WINDOWS\System32\USER32.dll
0x00007ffbcfd50000 - 0x00007ffbcfd77000 	C:\WINDOWS\System32\win32u.dll
0x00007ffbb68b0000 - 0x00007ffbb6b4a000 	C:\WINDOWS\WinSxS\amd64_microsoft.windows.common-controls_6595b64144ccf1df_6.0.26100.4484_none_3e0e6d4ce32ef3b3\COMCTL32.dll
0x00007ffbd0df0000 - 0x00007ffbd0e1b000 	C:\WINDOWS\System32\GDI32.dll
0x00007ffbcfc10000 - 0x00007ffbcfd47000 	C:\WINDOWS\System32\gdi32full.dll
0x00007ffbcfb60000 - 0x00007ffbcfc03000 	C:\WINDOWS\System32\msvcp_win.dll
0x00007ffbc0df0000 - 0x00007ffbc0dfb000 	C:\WINDOWS\SYSTEM32\VERSION.dll
0x00007ffbd1370000 - 0x00007ffbd139f000 	C:\WINDOWS\System32\IMM32.DLL
0x00007ffbbfe20000 - 0x00007ffbbfe2c000 	C:\Program Files\Java\jdk-17\bin\vcruntime140_1.dll
0x00007ffb95e30000 - 0x00007ffb95ebe000 	C:\Program Files\Java\jdk-17\bin\msvcp140.dll
0x00007ffb43680000 - 0x00007ffb44260000 	C:\Program Files\Java\jdk-17\bin\server\jvm.dll
0x00007ffbd0d50000 - 0x00007ffbd0d58000 	C:\WINDOWS\System32\PSAPI.DLL
0x00007ffbb8460000 - 0x00007ffbb8495000 	C:\WINDOWS\SYSTEM32\WINMM.dll
0x00007ffbbf870000 - 0x00007ffbbf87a000 	C:\WINDOWS\SYSTEM32\WSOCK32.dll
0x00007ffbd13b0000 - 0x00007ffbd1424000 	C:\WINDOWS\System32\WS2_32.dll
0x00007ffbce500000 - 0x00007ffbce51b000 	C:\WINDOWS\SYSTEM32\kernel.appcore.dll
0x00007ffbb7a80000 - 0x00007ffbb7a8a000 	C:\Program Files\Java\jdk-17\bin\jimage.dll
0x00007ffbcceb0000 - 0x00007ffbcd0f1000 	C:\WINDOWS\SYSTEM32\DBGHELP.DLL
0x00007ffbd19c0000 - 0x00007ffbd1d46000 	C:\WINDOWS\System32\combase.dll
0x00007ffbd18d0000 - 0x00007ffbd19b0000 	C:\WINDOWS\System32\OLEAUT32.dll
0x00007ffbb4460000 - 0x00007ffbb44a3000 	C:\WINDOWS\SYSTEM32\dbgcore.DLL
0x00007ffbcfd80000 - 0x00007ffbcfe19000 	C:\WINDOWS\System32\bcryptPrimitives.dll
0x00007ffbb5860000 - 0x00007ffbb589b000 	C:\Program Files\Java\jdk-17\bin\jdwp.dll
0x00007ffbbf270000 - 0x00007ffbbf27e000 	C:\Program Files\Java\jdk-17\bin\instrument.dll
0x00007ffba2010000 - 0x00007ffba2035000 	C:\Program Files\Java\jdk-17\bin\java.dll
0x00007ffb9d7b0000 - 0x00007ffb9d7c8000 	C:\Program Files\Java\jdk-17\bin\zip.dll

dbghelp: loaded successfully - version: 4.0.5 - missing functions: none
symbol engine: initialized successfully - sym options: 0x614 - pdb path: .;C:\Program Files\Java\jdk-17\bin;C:\WINDOWS\SYSTEM32;C:\WINDOWS\WinSxS\amd64_microsoft.windows.common-controls_6595b64144ccf1df_6.0.26100.4484_none_3e0e6d4ce32ef3b3;C:\Program Files\Java\jdk-17\bin\server

VM Arguments:
jvm_args: -agentlib:jdwp=transport=dt_socket,address=127.0.0.1:54516,suspend=y,server=n -XX:TieredStopAtLevel=1 -Dspring.output.ansi.enabled=always -Dcom.sun.management.jmxremote -Dspring.jmx.enabled=true -Dspring.liveBeansView.mbeanDomain -Dspring.application.admin.enabled=true -Dmanagement.endpoints.jmx.exposure.include=* -javaagent:C:\Users\SAURAB~1\AppData\Local\Temp\captureAgent79810jars\debugger-agent.jar -Dkotlinx.coroutines.debug.enable.creation.stack.trace=false -Ddebugger.agent.enable.coroutines=true -Dfile.encoding=UTF-8 
java_command: com.microservices.configserver.ConfigserverApplication
java_class_path (initial): C:\microservices\Section7\configserver\target\classes;C:\Users\Saurabh Srivastav\.m2\repository\org\springframework\boot\spring-boot-starter-actuator\3.5.0\spring-boot-starter-actuator-3.5.0.jar;C:\Users\Saurabh Srivastav\.m2\repository\org\springframework\boot\spring-boot-starter\3.5.0\spring-boot-starter-3.5.0.jar;C:\Users\Saurabh Srivastav\.m2\repository\org\springframework\boot\spring-boot\3.5.0\spring-boot-3.5.0.jar;C:\Users\Saurabh Srivastav\.m2\repository\org\springframework\spring-context\6.2.7\spring-context-6.2.7.jar;C:\Users\Saurabh Srivastav\.m2\repository\org\springframework\boot\spring-boot-autoconfigure\3.5.0\spring-boot-autoconfigure-3.5.0.jar;C:\Users\Saurabh Srivastav\.m2\repository\org\springframework\boot\spring-boot-starter-logging\3.5.0\spring-boot-starter-logging-3.5.0.jar;C:\Users\Saurabh Srivastav\.m2\repository\ch\qos\logback\logback-classic\1.5.18\logback-classic-1.5.18.jar;C:\Users\Saurabh Srivastav\.m2\repository\ch\qos\logback\logback-core\1.5.18\logback-core-1.5.18.jar;C:\Users\Saurabh Srivastav\.m2\repository\org\apache\logging\log4j\log4j-to-slf4j\2.24.3\log4j-to-slf4j-2.24.3.jar;C:\Users\Saurabh Srivastav\.m2\repository\org\apache\logging\log4j\log4j-api\2.24.3\log4j-api-2.24.3.jar;C:\Users\Saurabh Srivastav\.m2\repository\org\slf4j\jul-to-slf4j\2.0.17\jul-to-slf4j-2.0.17.jar;C:\Users\Saurabh Srivastav\.m2\repository\jakarta\annotation\jakarta.annotation-api\2.1.1\jakarta.annotation-api-2.1.1.jar;C:\Users\Saurabh Srivastav\.m2\repository\org\springframework\boot\spring-boot-actuator-autoconfigure\3.5.0\spring-boot-actuator-autoconfigure-3.5.0.jar;C:\Users\Saurabh Srivastav\.m2\repository\org\springframework\boot\spring-boot-actuator\3.5.0\spring-boot-actuator-3.5.0.jar;C:\Users\Saurabh Srivastav\.m2\repository\com\fasterxml\jackson\core\jackson-databind\2.19.0\jackson-databind-2.19.0.jar;C:\Users\Saurabh Srivastav\.m2\repository\com\fasterxml\jackson\datatype\jackson-datatype-jsr310\2.19.0\jackson-dataty
Launcher Type: SUN_STANDARD

[Global flags]
     intx CICompilerCount                          = 4                                         {product} {ergonomic}
     uint ConcGCThreads                            = 2                                         {product} {ergonomic}
     uint G1ConcRefinementThreads                  = 8                                         {product} {ergonomic}
   size_t G1HeapRegionSize                         = 2097152                                   {product} {ergonomic}
    uintx GCDrainStackTargetSize                   = 64                                        {product} {ergonomic}
   size_t InitialHeapSize                          = 266338304                                 {product} {ergonomic}
     bool ManagementServer                         = true                                      {product} {command line}
   size_t MarkStackSize                            = 4194304                                   {product} {ergonomic}
   size_t MaxHeapSize                              = 4253024256                                {product} {ergonomic}
   size_t MinHeapDeltaBytes                        = 2097152                                   {product} {ergonomic}
   size_t MinHeapSize                              = 8388608                                   {product} {ergonomic}
    uintx NonProfiledCodeHeapSize                  = 0                                      {pd product} {ergonomic}
     bool ProfileInterpreter                       = false                                  {pd product} {command line}
    uintx ProfiledCodeHeapSize                     = 0                                      {pd product} {ergonomic}
   size_t SoftMaxHeapSize                          = 4253024256                             {manageable} {ergonomic}
     intx TieredStopAtLevel                        = 1                                         {product} {command line}
     bool UseCompressedClassPointers               = true                           {product lp64_product} {ergonomic}
     bool UseCompressedOops                        = true                           {product lp64_product} {ergonomic}
     bool UseG1GC                                  = true                                      {product} {ergonomic}
     bool UseLargePagesIndividualAllocation        = false                                  {pd product} {ergonomic}

Logging:
Log output configuration:
 #0: stdout all=warning uptime,level,tags
 #1: stderr all=off uptime,level,tags

Environment Variables:
PATH=C:\Python313\Scripts\;C:\Python313\;C:\Program Files\Common Files\Oracle\Java\javapath;C:\Windows\system32;C:\Windows;C:\Windows\System32\Wbem;C:\Windows\System32\WindowsPowerShell\v1.0\;C:\Windows\System32\OpenSSH\;C:\Program Files (x86)\NVIDIA Corporation\PhysX\Common;C:\Program Files\NVIDIA Corporation\NVIDIA NvDLISR;C:\WINDOWS\system32;C:\WINDOWS;C:\WINDOWS\System32\Wbem;C:\WINDOWS\System32\WindowsPowerShell\v1.0\;C:\WINDOWS\System32\OpenSSH\;C:\MinGW\bin;C:\Program Files\Git\cmd;C:\Program Files\Git\mingw64\bin;C:\Program Files\Git\usr\bin;C:\Program Files\dotnet\;C:\ProgramData\chocolatey\bin;C:\Program Files\Java\jdk-17\bin;C:\Program Files\PostgreSQL\17\bin;C:\maven\apache-maven-3.9.9\bin;C:\Program Files\nodejs\;C:\Program Files\MongoDB\Server\8.0\bin;C:\Stripe;;C:\Program Files\Docker\Docker\resources\bin;C:\Users\Saurabh Srivastav\scoop\shims;C:\Users\Saurabh Srivastav\AppData\Local\Microsoft\WindowsApps;C:\Users\Saurabh Srivastav\AppData\Local\Programs\Microsoft VS Code\bin;C:\Program Files\JetBrains\IntelliJ IDEA Community Edition 2024.2.3\bin;;C:\Users\Saurabh Srivastav\AppData\Local\Programs\mongosh\;C:\Program Files\JetBrains\IntelliJ IDEA 2024.2.4\bin;;C:\Users\Saurabh Srivastav\AppData\Roaming\npm;C:\Program Files\MongoDB\Server\8.0\bin;
USERNAME=Saurabh Srivastav
OS=Windows_NT
PROCESSOR_IDENTIFIER=Intel64 Family 6 Model 165 Stepping 2, GenuineIntel



---------------  S Y S T E M  ---------------

OS:
 Windows 11 , 64 bit Build 26100 (10.0.26100.4484)
OS uptime: 0 days 12:52 hours
Hyper-V role detected

CPU: total 8 (initial active 8) (4 cores per cpu, 2 threads per core) family 6 model 165 stepping 2 microcode 0xe0, cx8, cmov, fxsr, ht, mmx, 3dnowpref, sse, sse2, sse3, ssse3, sse4.1, sse4.2, popcnt, lzcnt, tsc, tscinvbit, avx, avx2, aes, erms, clmul, bmi1, bmi2, adx, fma, vzeroupper, clflush, clflushopt, hv

Memory: 4k page, system-wide physical 16221M (5149M free)
TotalPageFile size 16221M (AvailPageFile size 115M)
current process WorkingSet (physical memory assigned to process): 12M, peak: 12M
current process commit charge ("private bytes"): 55M, peak: 309M

vm_info: Java HotSpot(TM) 64-Bit Server VM (17.0.12+8-LTS-286) for windows-amd64 JRE (17.0.12+8-LTS-286), built on Jun  5 2024 06:46:59 by "mach5one" with MS VC++ 17.6 (VS2022)

END.
