#
# There is insufficient memory for the Java Runtime Environment to continue.
# Native memory allocation (mmap) failed to map 266338304 bytes for G1 virtual space
# Possible reasons:
#   The system is out of physical RAM or swap space
#   The process is running with CompressedOops enabled, and the Java Heap may be blocking the growth of the native heap
# Possible solutions:
#   Reduce memory load on the system
#   Increase physical memory or swap space
#   Check if swap backing store is full
#   Decrease Java heap size (-Xmx/-Xms)
#   Decrease number of Java threads
#   Decrease Java thread stack sizes (-Xss)
#   Set larger code cache with -XX:ReservedCodeCacheSize=
#   JVM is running with Zero Based Compressed Oops mode in which the Java heap is
#     placed in the first 32GB address space. The Java Heap base address is the
#     maximum limit for the native heap growth. Please use -XX:HeapBaseMinAddress
#     to set the Java Heap base and to place the Java Heap above 32GB virtual address.
# This output file may be truncated or incomplete.
#
#  Out of Memory Error (os_windows.cpp:3548), pid=9236, tid=19028
#
# JRE version:  (17.0.12+8) (build )
# Java VM: Java HotSpot(TM) 64-Bit Server VM (17.0.12+8-LTS-286, mixed mode, emulated-client, sharing, tiered, compressed oops, compressed class ptrs, g1 gc, windows-amd64)
# No core dump will be written. Minidumps are not enabled by default on client versions of Windows
#

---------------  S U M M A R Y ------------

Command Line: -agentlib:jdwp=transport=dt_socket,address=127.0.0.1:62273,suspend=y,server=n -XX:TieredStopAtLevel=1 -Dspring.output.ansi.enabled=always -Dcom.sun.management.jmxremote -Dspring.jmx.enabled=true -Dspring.liveBeansView.mbeanDomain -Dspring.application.admin.enabled=true -Dmanagement.endpoints.jmx.exposure.include=* -javaagent:C:\Users\SAURAB~1\AppData\Local\Temp\captureAgent111906jars\debugger-agent.jar -Dkotlinx.coroutines.debug.enable.creation.stack.trace=false -Ddebugger.agent.enable.coroutines=true -Dfile.encoding=UTF-8 com.microservice.accounts.AccountsApplication

Host: Intel(R) Core(TM) i5-10300H CPU @ 2.50GHz, 8 cores, 15G,  Windows 11 , 64 bit Build 26100 (10.0.26100.4202)
Time: Thu Jun 12 19:04:05 2025 India Standard Time elapsed time: 1.522587 seconds (0d 0h 0m 1s)

---------------  T H R E A D  ---------------

Current thread (0x0000024ac8645cc0):  JavaThread "Unknown thread" [_thread_in_vm, id=19028, stack(0x000000c1e0900000,0x000000c1e0a00000)]

Stack: [0x000000c1e0900000,0x000000c1e0a00000]
Native frames: (J=compiled Java code, j=interpreted, Vv=VM code, C=native code)
V  [jvm.dll+0x67a04a]
V  [jvm.dll+0x7da4ed]
V  [jvm.dll+0x7dbe33]
V  [jvm.dll+0x7dc4a3]
V  [jvm.dll+0x24508f]
V  [jvm.dll+0x677089]
V  [jvm.dll+0x66bd32]
V  [jvm.dll+0x301fa6]
V  [jvm.dll+0x309546]
V  [jvm.dll+0x359d2e]
V  [jvm.dll+0x359f5f]
V  [jvm.dll+0x2d9078]
V  [jvm.dll+0x2d9fe4]
V  [jvm.dll+0x7aca21]
V  [jvm.dll+0x367591]
V  [jvm.dll+0x78b999]
V  [jvm.dll+0x3ec83f]
V  [jvm.dll+0x3ee471]
C  [jli.dll+0x5297]
C  [ucrtbase.dll+0x37b0]
C  [KERNEL32.DLL+0x2e8d7]
C  [ntdll.dll+0x3c34c]


---------------  P R O C E S S  ---------------

Threads class SMR info:
_java_thread_list=0x00007ffb58787a18, length=0, elements={
}

Java Threads: ( => current thread )

Other Threads:
  0x0000024ac86b34e0 GCTaskThread "GC Thread#0" [stack: 0x000000c1e0a00000,0x000000c1e0b00000] [id=19616]
  0x0000024adc762010 ConcurrentGCThread "G1 Main Marker" [stack: 0x000000c1e0b00000,0x000000c1e0c00000] [id=18668]
  0x0000024adc762fd0 ConcurrentGCThread "G1 Conc#0" [stack: 0x000000c1e0c00000,0x000000c1e0d00000] [id=2200]

[error occurred during error reporting (printing all threads), id 0xc0000005, EXCEPTION_ACCESS_VIOLATION (0xc0000005) at pc=0x00007ffb57fb9b67]

VM state: not at safepoint (not fully initialized)

VM Mutex/Monitor currently owned by a thread:  ([mutex/lock_event])
[0x0000024ac8640490] Heap_lock - owner thread: 0x0000024ac8645cc0

Heap address: 0x0000000702800000, size: 4056 MB, Compressed Oops mode: Zero based, Oop shift amount: 3

CDS archive(s) mapped at: [0x0000000000000000-0x0000000000000000-0x0000000000000000), size 0, SharedBaseAddress: 0x0000000800000000, ArchiveRelocationMode: 1.
Narrow klass base: 0x0000000000000000, Narrow klass shift: 0, Narrow klass range: 0x0

GC Precious Log:
<Empty>

Heap:
 garbage-first heap   total 0K, used 0K [0x0000000702800000, 0x0000000800000000)
  region size 2048K, 0 young (0K), 0 survivors (0K)

[error occurred during error reporting (printing heap information), id 0xc0000005, EXCEPTION_ACCESS_VIOLATION (0xc0000005) at pc=0x00007ffb583a3859]

GC Heap History (0 events):
No events

Deoptimization events (0 events):
No events

Classes unloaded (0 events):
No events

Classes redefined (0 events):
No events

Internal exceptions (0 events):
No events

VM Operations (0 events):
No events

Events (2 events):
Event: 0.010 Loaded shared library C:\Program Files\Java\jdk-17\bin\java.dll
Event: 0.011 Loaded shared library C:\Program Files\Java\jdk-17\bin\zip.dll


Dynamic libraries:
0x00007ff6fda40000 - 0x00007ff6fda50000 	C:\Program Files\Java\jdk-17\bin\java.exe
0x00007ffbc87c0000 - 0x00007ffbc8a25000 	C:\WINDOWS\SYSTEM32\ntdll.dll
0x00007ffbc7380000 - 0x00007ffbc7449000 	C:\WINDOWS\System32\KERNEL32.DLL
0x00007ffbc5910000 - 0x00007ffbc5cf8000 	C:\WINDOWS\System32\KERNELBASE.dll
0x00007ffbc6410000 - 0x00007ffbc655b000 	C:\WINDOWS\System32\ucrtbase.dll
0x00007ffbbeee0000 - 0x00007ffbbeef9000 	C:\Program Files\Java\jdk-17\bin\jli.dll
0x00007ffbbeec0000 - 0x00007ffbbeedb000 	C:\Program Files\Java\jdk-17\bin\VCRUNTIME140.dll
0x00007ffbc6710000 - 0x00007ffbc67c3000 	C:\WINDOWS\System32\ADVAPI32.dll
0x00007ffbc8490000 - 0x00007ffbc8539000 	C:\WINDOWS\System32\msvcrt.dll
0x00007ffbc83e0000 - 0x00007ffbc8486000 	C:\WINDOWS\System32\sechost.dll
0x00007ffbc6f10000 - 0x00007ffbc7025000 	C:\WINDOWS\System32\RPCRT4.dll
0x00007ffbc6cd0000 - 0x00007ffbc6e9a000 	C:\WINDOWS\System32\USER32.dll
0x00007ffbc60e0000 - 0x00007ffbc6107000 	C:\WINDOWS\System32\win32u.dll
0x00007ffbae060000 - 0x00007ffbae2fa000 	C:\WINDOWS\WinSxS\amd64_microsoft.windows.common-controls_6595b64144ccf1df_6.0.26100.4202_none_3e0698d4e335f517\COMCTL32.dll
0x00007ffbc6b70000 - 0x00007ffbc6b9b000 	C:\WINDOWS\System32\GDI32.dll
0x00007ffbc5fa0000 - 0x00007ffbc60d7000 	C:\WINDOWS\System32\gdi32full.dll
0x00007ffbc5e30000 - 0x00007ffbc5ed3000 	C:\WINDOWS\System32\msvcp_win.dll
0x00007ffbbbf50000 - 0x00007ffbbbf5b000 	C:\WINDOWS\SYSTEM32\VERSION.dll
0x00007ffbc7f00000 - 0x00007ffbc7f30000 	C:\WINDOWS\System32\IMM32.DLL
0x00007ffbbeeb0000 - 0x00007ffbbeebc000 	C:\Program Files\Java\jdk-17\bin\vcruntime140_1.dll
0x00007ffbb5360000 - 0x00007ffbb53ee000 	C:\Program Files\Java\jdk-17\bin\msvcp140.dll
0x00007ffb57cd0000 - 0x00007ffb588b0000 	C:\Program Files\Java\jdk-17\bin\server\jvm.dll
0x00007ffbc7f40000 - 0x00007ffbc7f48000 	C:\WINDOWS\System32\PSAPI.DLL
0x00007ffba6880000 - 0x00007ffba688a000 	C:\WINDOWS\SYSTEM32\WSOCK32.dll
0x00007ffbb1ce0000 - 0x00007ffbb1d15000 	C:\WINDOWS\SYSTEM32\WINMM.dll
0x00007ffbc8540000 - 0x00007ffbc85b4000 	C:\WINDOWS\System32\WS2_32.dll
0x00007ffbc47d0000 - 0x00007ffbc47eb000 	C:\WINDOWS\SYSTEM32\kernel.appcore.dll
0x00007ffbbeea0000 - 0x00007ffbbeeaa000 	C:\Program Files\Java\jdk-17\bin\jimage.dll
0x00007ffbc3060000 - 0x00007ffbc32a1000 	C:\WINDOWS\SYSTEM32\DBGHELP.DLL
0x00007ffbc67d0000 - 0x00007ffbc6b55000 	C:\WINDOWS\System32\combase.dll
0x00007ffbc7450000 - 0x00007ffbc7531000 	C:\WINDOWS\System32\OLEAUT32.dll
0x00007ffba95e0000 - 0x00007ffba9619000 	C:\WINDOWS\SYSTEM32\dbgcore.DLL
0x00007ffbc5d00000 - 0x00007ffbc5d99000 	C:\WINDOWS\System32\bcryptPrimitives.dll
0x00007ffb8fec0000 - 0x00007ffb8fefb000 	C:\Program Files\Java\jdk-17\bin\jdwp.dll
0x00007ffbb6200000 - 0x00007ffbb620e000 	C:\Program Files\Java\jdk-17\bin\instrument.dll
0x00007ffbb73b0000 - 0x00007ffbb73d5000 	C:\Program Files\Java\jdk-17\bin\java.dll
0x00007ffbb5600000 - 0x00007ffbb5618000 	C:\Program Files\Java\jdk-17\bin\zip.dll

dbghelp: loaded successfully - version: 4.0.5 - missing functions: none
symbol engine: initialized successfully - sym options: 0x614 - pdb path: .;C:\Program Files\Java\jdk-17\bin;C:\WINDOWS\SYSTEM32;C:\WINDOWS\WinSxS\amd64_microsoft.windows.common-controls_6595b64144ccf1df_6.0.26100.4202_none_3e0698d4e335f517;C:\Program Files\Java\jdk-17\bin\server

VM Arguments:
jvm_args: -agentlib:jdwp=transport=dt_socket,address=127.0.0.1:62273,suspend=y,server=n -XX:TieredStopAtLevel=1 -Dspring.output.ansi.enabled=always -Dcom.sun.management.jmxremote -Dspring.jmx.enabled=true -Dspring.liveBeansView.mbeanDomain -Dspring.application.admin.enabled=true -Dmanagement.endpoints.jmx.exposure.include=* -javaagent:C:\Users\SAURAB~1\AppData\Local\Temp\captureAgent111906jars\debugger-agent.jar -Dkotlinx.coroutines.debug.enable.creation.stack.trace=false -Ddebugger.agent.enable.coroutines=true -Dfile.encoding=UTF-8 
java_command: com.microservice.accounts.AccountsApplication
java_class_path (initial): C:\microservices\section6\v2-spring-cloud-config\accounts\target\classes;C:\Users\Saurabh Srivastav\.m2\repository\org\springframework\boot\spring-boot-starter-actuator\3.5.0\spring-boot-starter-actuator-3.5.0.jar;C:\Users\Saurabh Srivastav\.m2\repository\org\springframework\boot\spring-boot-starter\3.5.0\spring-boot-starter-3.5.0.jar;C:\Users\Saurabh Srivastav\.m2\repository\org\springframework\boot\spring-boot-starter-logging\3.5.0\spring-boot-starter-logging-3.5.0.jar;C:\Users\Saurabh Srivastav\.m2\repository\ch\qos\logback\logback-classic\1.5.18\logback-classic-1.5.18.jar;C:\Users\Saurabh Srivastav\.m2\repository\ch\qos\logback\logback-core\1.5.18\logback-core-1.5.18.jar;C:\Users\Saurabh Srivastav\.m2\repository\org\apache\logging\log4j\log4j-to-slf4j\2.24.3\log4j-to-slf4j-2.24.3.jar;C:\Users\Saurabh Srivastav\.m2\repository\org\apache\logging\log4j\log4j-api\2.24.3\log4j-api-2.24.3.jar;C:\Users\Saurabh Srivastav\.m2\repository\org\slf4j\jul-to-slf4j\2.0.17\jul-to-slf4j-2.0.17.jar;C:\Users\Saurabh Srivastav\.m2\repository\jakarta\annotation\jakarta.annotation-api\2.1.1\jakarta.annotation-api-2.1.1.jar;C:\Users\Saurabh Srivastav\.m2\repository\org\yaml\snakeyaml\2.4\snakeyaml-2.4.jar;C:\Users\Saurabh Srivastav\.m2\repository\org\springframework\boot\spring-boot-actuator-autoconfigure\3.5.0\spring-boot-actuator-autoconfigure-3.5.0.jar;C:\Users\Saurabh Srivastav\.m2\repository\org\springframework\boot\spring-boot-actuator\3.5.0\spring-boot-actuator-3.5.0.jar;C:\Users\Saurabh Srivastav\.m2\repository\com\fasterxml\jackson\datatype\jackson-datatype-jsr310\2.19.0\jackson-datatype-jsr310-2.19.0.jar;C:\Users\Saurabh Srivastav\.m2\repository\io\micrometer\micrometer-observation\1.15.0\micrometer-observation-1.15.0.jar;C:\Users\Saurabh Srivastav\.m2\repository\io\micrometer\micrometer-commons\1.15.0\micrometer-commons-1.15.0.jar;C:\Users\Saurabh Srivastav\.m2\repository\io\micrometer\micrometer-jakarta9\1.15.0\micrometer-jakarta9-1.15.0.jar;C:
Launcher Type: SUN_STANDARD

[Global flags]
     intx CICompilerCount                          = 4                                         {product} {ergonomic}
     uint ConcGCThreads                            = 2                                         {product} {ergonomic}
     uint G1ConcRefinementThreads                  = 8                                         {product} {ergonomic}
   size_t G1HeapRegionSize                         = 2097152                                   {product} {ergonomic}
    uintx GCDrainStackTargetSize                   = 64                                        {product} {ergonomic}
   size_t InitialHeapSize                          = 266338304                                 {product} {ergonomic}
     bool ManagementServer                         = true                                      {product} {command line}
   size_t MarkStackSize                            = 4194304                                   {product} {ergonomic}
   size_t MaxHeapSize                              = 4253024256                                {product} {ergonomic}
   size_t MinHeapDeltaBytes                        = 2097152                                   {product} {ergonomic}
   size_t MinHeapSize                              = 8388608                                   {product} {ergonomic}
    uintx NonProfiledCodeHeapSize                  = 0                                      {pd product} {ergonomic}
     bool ProfileInterpreter                       = false                                  {pd product} {command line}
    uintx ProfiledCodeHeapSize                     = 0                                      {pd product} {ergonomic}
   size_t SoftMaxHeapSize                          = 4253024256                             {manageable} {ergonomic}
     intx TieredStopAtLevel                        = 1                                         {product} {command line}
     bool UseCompressedClassPointers               = true                           {product lp64_product} {ergonomic}
     bool UseCompressedOops                        = true                           {product lp64_product} {ergonomic}
     bool UseG1GC                                  = true                                      {product} {ergonomic}
     bool UseLargePagesIndividualAllocation        = false                                  {pd product} {ergonomic}

Logging:
Log output configuration:
 #0: stdout all=warning uptime,level,tags
 #1: stderr all=off uptime,level,tags

Environment Variables:
PATH=C:\Python313\Scripts\;C:\Python313\;C:\Program Files\Common Files\Oracle\Java\javapath;C:\Windows\system32;C:\Windows;C:\Windows\System32\Wbem;C:\Windows\System32\WindowsPowerShell\v1.0\;C:\Windows\System32\OpenSSH\;C:\Program Files (x86)\NVIDIA Corporation\PhysX\Common;C:\Program Files\NVIDIA Corporation\NVIDIA NvDLISR;C:\WINDOWS\system32;C:\WINDOWS;C:\WINDOWS\System32\Wbem;C:\WINDOWS\System32\WindowsPowerShell\v1.0\;C:\WINDOWS\System32\OpenSSH\;C:\MinGW\bin;C:\Program Files\Git\cmd;C:\Program Files\Git\mingw64\bin;C:\Program Files\Git\usr\bin;C:\Program Files\dotnet\;C:\ProgramData\chocolatey\bin;C:\Program Files\Java\jdk-17\bin;C:\Program Files\PostgreSQL\17\bin;C:\maven\apache-maven-3.9.9\bin;C:\Program Files\nodejs\;C:\Program Files\MongoDB\Server\8.0\bin;C:\Stripe;;C:\Program Files\Docker\Docker\resources\bin;C:\Users\Saurabh Srivastav\AppData\Local\Microsoft\WindowsApps;C:\Users\Saurabh Srivastav\AppData\Local\Programs\Microsoft VS Code\bin;C:\Program Files\JetBrains\IntelliJ IDEA Community Edition 2024.2.3\bin;;C:\Users\Saurabh Srivastav\AppData\Local\Programs\mongosh\;C:\Program Files\JetBrains\IntelliJ IDEA 2024.2.4\bin;;C:\Users\Saurabh Srivastav\AppData\Roaming\npm;C:\Program Files\MongoDB\Server\8.0\bin;
USERNAME=Saurabh Srivastav
OS=Windows_NT
PROCESSOR_IDENTIFIER=Intel64 Family 6 Model 165 Stepping 2, GenuineIntel



---------------  S Y S T E M  ---------------

OS:
 Windows 11 , 64 bit Build 26100 (10.0.26100.4202)
OS uptime: 0 days 1:58 hours
Hyper-V role detected

CPU: total 8 (initial active 8) (4 cores per cpu, 2 threads per core) family 6 model 165 stepping 2 microcode 0xe0, cx8, cmov, fxsr, ht, mmx, 3dnowpref, sse, sse2, sse3, ssse3, sse4.1, sse4.2, popcnt, lzcnt, tsc, tscinvbit, avx, avx2, aes, erms, clmul, bmi1, bmi2, adx, fma, vzeroupper, clflush, clflushopt, hv

Memory: 4k page, system-wide physical 16221M (5362M free)
TotalPageFile size 16221M (AvailPageFile size 110M)
current process WorkingSet (physical memory assigned to process): 12M, peak: 12M
current process commit charge ("private bytes"): 55M, peak: 309M

vm_info: Java HotSpot(TM) 64-Bit Server VM (17.0.12+8-LTS-286) for windows-amd64 JRE (17.0.12+8-LTS-286), built on Jun  5 2024 06:46:59 by "mach5one" with MS VC++ 17.6 (VS2022)

END.
