#
# There is insufficient memory for the Java Runtime Environment to continue.
# Native memory allocation (malloc) failed to allocate 1556816 bytes for Chunk::new
# Possible reasons:
#   The system is out of physical RAM or swap space
#   The process is running with CompressedOops enabled, and the Java Heap may be blocking the growth of the native heap
# Possible solutions:
#   Reduce memory load on the system
#   Increase physical memory or swap space
#   Check if swap backing store is full
#   Decrease Java heap size (-Xmx/-Xms)
#   Decrease number of Java threads
#   Decrease Java thread stack sizes (-Xss)
#   Set larger code cache with -XX:ReservedCodeCacheSize=
#   JVM is running with Zero Based Compressed Oops mode in which the Java heap is
#     placed in the first 32GB address space. The Java Heap base address is the
#     maximum limit for the native heap growth. Please use -XX:HeapBaseMinAddress
#     to set the Java Heap base and to place the Java Heap above 32GB virtual address.
# This output file may be truncated or incomplete.
#
#  Out of Memory Error (arena.cpp:189), pid=21400, tid=10816
#
# JRE version: Java(TM) SE Runtime Environment (17.0.12+8) (build 17.0.12+8-LTS-286)
# Java VM: Java HotSpot(TM) 64-Bit Server VM (17.0.12+8-LTS-286, mixed mode, sharing, tiered, compressed oops, compressed class ptrs, g1 gc, windows-amd64)
# No core dump will be written. Minidumps are not enabled by default on client versions of Windows
#

---------------  S U M M A R Y ------------

Command Line: -Dclassworlds.conf=C:\maven\apache-maven-3.9.9\bin\m2.conf -Dmaven.home=C:\maven\apache-maven-3.9.9 -Dlibrary.jansi.path=C:\maven\apache-maven-3.9.9\lib\jansi-native -Dmaven.multiModuleProjectDirectory=C:\microservices\section6\v2-spring-cloud-config\configserver org.codehaus.plexus.classworlds.launcher.Launcher compile jib:dockerBuild

Host: Intel(R) Core(TM) i5-10300H CPU @ 2.50GHz, 8 cores, 15G,  Windows 11 , 64 bit Build 26100 (10.0.26100.4202)
Time: Tue Jun 24 01:03:51 2025 India Standard Time elapsed time: 3.501351 seconds (0d 0h 0m 3s)

---------------  T H R E A D  ---------------

Current thread (0x000002702f1f2f60):  JavaThread "C2 CompilerThread0" daemon [_thread_in_native, id=10816, stack(0x000000ec0f900000,0x000000ec0fa00000)]


Current CompileTask:
C2:   3501 2483       4       org.codehaus.plexus.util.xml.pull.MXParser::parseStartTag (1190 bytes)

Stack: [0x000000ec0f900000,0x000000ec0fa00000]
Native frames: (J=compiled Java code, j=interpreted, Vv=VM code, C=native code)
V  [jvm.dll+0x67a04a]
V  [jvm.dll+0x7da4ed]
V  [jvm.dll+0x7dbe33]
V  [jvm.dll+0x7dc4a3]
V  [jvm.dll+0x24508f]
V  [jvm.dll+0xab773]
V  [jvm.dll+0xabd3c]
V  [jvm.dll+0x361b9f]
V  [jvm.dll+0x32c431]
V  [jvm.dll+0x32b8ca]
V  [jvm.dll+0x21683f]
V  [jvm.dll+0x215c6f]
V  [jvm.dll+0x1a2960]
V  [jvm.dll+0x22610b]
V  [jvm.dll+0x2242ab]
V  [jvm.dll+0x79075c]
V  [jvm.dll+0x78abea]
V  [jvm.dll+0x678f35]
C  [ucrtbase.dll+0x37b0]
C  [KERNEL32.DLL+0x2e8d7]
C  [ntdll.dll+0x3c34c]


---------------  P R O C E S S  ---------------

Threads class SMR info:
_java_thread_list=0x00000270754d19e0, length=15, elements={
0x000002700c4c0730, 0x000002702eb5e4f0, 0x000002702f1d71c0, 0x000002702f1edd80,
0x000002702f1f0750, 0x000002702f1f1110, 0x000002702f1f1ad0, 0x000002702f1f2f60,
0x000002702f1f41b0, 0x000002702f1f4bb0, 0x000002702f33de10, 0x000002702f34a740,
0x000002702f9c33e0, 0x000002702feaa200, 0x00000270755ec460
}

Java Threads: ( => current thread )
  0x000002700c4c0730 JavaThread "main" [_thread_in_Java, id=19744, stack(0x000000ec0ec00000,0x000000ec0ed00000)]
  0x000002702eb5e4f0 JavaThread "Reference Handler" daemon [_thread_blocked, id=10248, stack(0x000000ec0f300000,0x000000ec0f400000)]
  0x000002702f1d71c0 JavaThread "Finalizer" daemon [_thread_blocked, id=17296, stack(0x000000ec0f400000,0x000000ec0f500000)]
  0x000002702f1edd80 JavaThread "Signal Dispatcher" daemon [_thread_blocked, id=23812, stack(0x000000ec0f500000,0x000000ec0f600000)]
  0x000002702f1f0750 JavaThread "Attach Listener" daemon [_thread_blocked, id=20540, stack(0x000000ec0f600000,0x000000ec0f700000)]
  0x000002702f1f1110 JavaThread "Service Thread" daemon [_thread_blocked, id=24904, stack(0x000000ec0f700000,0x000000ec0f800000)]
  0x000002702f1f1ad0 JavaThread "Monitor Deflation Thread" daemon [_thread_blocked, id=18588, stack(0x000000ec0f800000,0x000000ec0f900000)]
=>0x000002702f1f2f60 JavaThread "C2 CompilerThread0" daemon [_thread_in_native, id=10816, stack(0x000000ec0f900000,0x000000ec0fa00000)]
  0x000002702f1f41b0 JavaThread "C1 CompilerThread0" daemon [_thread_in_native, id=17952, stack(0x000000ec0fa00000,0x000000ec0fb00000)]
  0x000002702f1f4bb0 JavaThread "Sweeper thread" daemon [_thread_blocked, id=14768, stack(0x000000ec0fb00000,0x000000ec0fc00000)]
  0x000002702f33de10 JavaThread "Notification Thread" daemon [_thread_blocked, id=17752, stack(0x000000ec0fc00000,0x000000ec0fd00000)]
  0x000002702f34a740 JavaThread "Common-Cleaner" daemon [_thread_blocked, id=25300, stack(0x000000ec0fe00000,0x000000ec0ff00000)]
  0x000002702f9c33e0 JavaThread "C2 CompilerThread1" daemon [_thread_in_native, id=14556, stack(0x000000ec10000000,0x000000ec10100000)]
  0x000002702feaa200 JavaThread "C2 CompilerThread2" daemon [_thread_in_native, id=17524, stack(0x000000ec0ff00000,0x000000ec10000000)]
  0x00000270755ec460 JavaThread "Thread-1" daemon [_thread_blocked, id=5924, stack(0x000000ec10800000,0x000000ec10900000)]

Other Threads:
  0x000002702eb5d2d0 VMThread "VM Thread" [stack: 0x000000ec0f200000,0x000000ec0f300000] [id=22944]
  0x000002700c58c260 WatcherThread [stack: 0x000000ec0fd00000,0x000000ec0fe00000] [id=2092]
  0x000002700c52ca50 GCTaskThread "GC Thread#0" [stack: 0x000000ec0ed00000,0x000000ec0ee00000] [id=14528]
  0x000002702fab6330 GCTaskThread "GC Thread#1" [stack: 0x000000ec10100000,0x000000ec10200000] [id=16420]
  0x00000270751257f0 GCTaskThread "GC Thread#2" [stack: 0x000000ec10200000,0x000000ec10300000] [id=6748]
  0x0000027075125530 GCTaskThread "GC Thread#3" [stack: 0x000000ec10300000,0x000000ec10400000] [id=10964]
  0x0000027075124cf0 GCTaskThread "GC Thread#4" [stack: 0x000000ec10400000,0x000000ec10500000] [id=7004]
  0x0000027075123f30 GCTaskThread "GC Thread#5" [stack: 0x000000ec10500000,0x000000ec10600000] [id=15628]
  0x0000027075124a30 GCTaskThread "GC Thread#6" [stack: 0x000000ec10600000,0x000000ec10700000] [id=2780]
  0x0000027075124770 GCTaskThread "GC Thread#7" [stack: 0x000000ec10700000,0x000000ec10800000] [id=1256]
  0x000002700c53e730 ConcurrentGCThread "G1 Main Marker" [stack: 0x000000ec0ee00000,0x000000ec0ef00000] [id=12592]
  0x000002700c53fe10 ConcurrentGCThread "G1 Conc#0" [stack: 0x000000ec0ef00000,0x000000ec0f000000] [id=2884]
  0x000002702ea1a410 ConcurrentGCThread "G1 Refine#0" [stack: 0x000000ec0f000000,0x000000ec0f100000] [id=17136]
  0x000002702ea1aaf0 ConcurrentGCThread "G1 Service" [stack: 0x000000ec0f100000,0x000000ec0f200000] [id=3408]

Threads with active compile tasks:
C2 CompilerThread0     3529 2483       4       org.codehaus.plexus.util.xml.pull.MXParser::parseStartTag (1190 bytes)
C1 CompilerThread0     3529 2635       3       java.util.WeakHashMap::get (75 bytes)
C2 CompilerThread1     3529 2624       4       org.apache.maven.model.io.xpp3.MavenXpp3ReaderEx::checkFieldWithDuplicate (75 bytes)
C2 CompilerThread2     3529 2629       4       java.lang.String::<init> (74 bytes)

VM state: not at safepoint (normal execution)

VM Mutex/Monitor currently owned by a thread: None

Heap address: 0x0000000702800000, size: 4056 MB, Compressed Oops mode: Zero based, Oop shift amount: 3

CDS archive(s) mapped at: [0x0000027030000000-0x0000027030bd0000-0x0000027030bd0000), size 12386304, SharedBaseAddress: 0x0000027030000000, ArchiveRelocationMode: 1.
Compressed class space mapped at: 0x0000027031000000-0x0000027071000000, reserved size: 1073741824
Narrow klass base: 0x0000027030000000, Narrow klass shift: 0, Narrow klass range: 0x100000000

GC Precious Log:
 CPUs: 8 total, 8 available
 Memory: 16221M
 Large Page Support: Disabled
 NUMA Support: Disabled
 Compressed Oops: Enabled (Zero based)
 Heap Region Size: 2M
 Heap Min Capacity: 8M
 Heap Initial Capacity: 254M
 Heap Max Capacity: 4056M
 Pre-touch: Disabled
 Parallel Workers: 8
 Concurrent Workers: 2
 Concurrent Refinement Workers: 8
 Periodic GC: Disabled

Heap:
 garbage-first heap   total 260096K, used 33838K [0x0000000702800000, 0x0000000800000000)
  region size 2048K, 16 young (32768K), 1 survivors (2048K)
 Metaspace       used 14516K, committed 14720K, reserved 1114112K
  class space    used 1790K, committed 1856K, reserved 1048576K

Heap Regions: E=young(eden), S=young(survivor), O=old, HS=humongous(starts), HC=humongous(continues), CS=collection set, F=free, OA=open archive, CA=closed archive, TAMS=top-at-mark-start (previous, next)
|   0|0x0000000702800000, 0x0000000702a00000, 0x0000000702a00000|100%| O|  |TAMS 0x0000000702800000, 0x0000000702800000| Untracked 
|   1|0x0000000702a00000, 0x0000000702b56e00, 0x0000000702c00000| 66%| O|  |TAMS 0x0000000702a00000, 0x0000000702a00000| Untracked 
|   2|0x0000000702c00000, 0x0000000702c00000, 0x0000000702e00000|  0%| F|  |TAMS 0x0000000702c00000, 0x0000000702c00000| Untracked 
|   3|0x0000000702e00000, 0x0000000702e00000, 0x0000000703000000|  0%| F|  |TAMS 0x0000000702e00000, 0x0000000702e00000| Untracked 
|   4|0x0000000703000000, 0x0000000703000000, 0x0000000703200000|  0%| F|  |TAMS 0x0000000703000000, 0x0000000703000000| Untracked 
|   5|0x0000000703200000, 0x0000000703200000, 0x0000000703400000|  0%| F|  |TAMS 0x0000000703200000, 0x0000000703200000| Untracked 
|   6|0x0000000703400000, 0x0000000703400000, 0x0000000703600000|  0%| F|  |TAMS 0x0000000703400000, 0x0000000703400000| Untracked 
|   7|0x0000000703600000, 0x0000000703600000, 0x0000000703800000|  0%| F|  |TAMS 0x0000000703600000, 0x0000000703600000| Untracked 
|   8|0x0000000703800000, 0x0000000703800000, 0x0000000703a00000|  0%| F|  |TAMS 0x0000000703800000, 0x0000000703800000| Untracked 
|   9|0x0000000703a00000, 0x0000000703a00000, 0x0000000703c00000|  0%| F|  |TAMS 0x0000000703a00000, 0x0000000703a00000| Untracked 
|  10|0x0000000703c00000, 0x0000000703c00000, 0x0000000703e00000|  0%| F|  |TAMS 0x0000000703c00000, 0x0000000703c00000| Untracked 
|  11|0x0000000703e00000, 0x0000000703e00000, 0x0000000704000000|  0%| F|  |TAMS 0x0000000703e00000, 0x0000000703e00000| Untracked 
|  12|0x0000000704000000, 0x0000000704000000, 0x0000000704200000|  0%| F|  |TAMS 0x0000000704000000, 0x0000000704000000| Untracked 
|  13|0x0000000704200000, 0x0000000704200000, 0x0000000704400000|  0%| F|  |TAMS 0x0000000704200000, 0x0000000704200000| Untracked 
|  14|0x0000000704400000, 0x0000000704400000, 0x0000000704600000|  0%| F|  |TAMS 0x0000000704400000, 0x0000000704400000| Untracked 
|  15|0x0000000704600000, 0x0000000704600000, 0x0000000704800000|  0%| F|  |TAMS 0x0000000704600000, 0x0000000704600000| Untracked 
|  16|0x0000000704800000, 0x0000000704800000, 0x0000000704a00000|  0%| F|  |TAMS 0x0000000704800000, 0x0000000704800000| Untracked 
|  17|0x0000000704a00000, 0x0000000704a00000, 0x0000000704c00000|  0%| F|  |TAMS 0x0000000704a00000, 0x0000000704a00000| Untracked 
|  18|0x0000000704c00000, 0x0000000704c00000, 0x0000000704e00000|  0%| F|  |TAMS 0x0000000704c00000, 0x0000000704c00000| Untracked 
|  19|0x0000000704e00000, 0x0000000704e00000, 0x0000000705000000|  0%| F|  |TAMS 0x0000000704e00000, 0x0000000704e00000| Untracked 
|  20|0x0000000705000000, 0x0000000705000000, 0x0000000705200000|  0%| F|  |TAMS 0x0000000705000000, 0x0000000705000000| Untracked 
|  21|0x0000000705200000, 0x0000000705200000, 0x0000000705400000|  0%| F|  |TAMS 0x0000000705200000, 0x0000000705200000| Untracked 
|  22|0x0000000705400000, 0x0000000705400000, 0x0000000705600000|  0%| F|  |TAMS 0x0000000705400000, 0x0000000705400000| Untracked 
|  23|0x0000000705600000, 0x0000000705600000, 0x0000000705800000|  0%| F|  |TAMS 0x0000000705600000, 0x0000000705600000| Untracked 
|  24|0x0000000705800000, 0x0000000705800000, 0x0000000705a00000|  0%| F|  |TAMS 0x0000000705800000, 0x0000000705800000| Untracked 
|  25|0x0000000705a00000, 0x0000000705a00000, 0x0000000705c00000|  0%| F|  |TAMS 0x0000000705a00000, 0x0000000705a00000| Untracked 
|  26|0x0000000705c00000, 0x0000000705c00000, 0x0000000705e00000|  0%| F|  |TAMS 0x0000000705c00000, 0x0000000705c00000| Untracked 
|  27|0x0000000705e00000, 0x0000000705e00000, 0x0000000706000000|  0%| F|  |TAMS 0x0000000705e00000, 0x0000000705e00000| Untracked 
|  28|0x0000000706000000, 0x0000000706000000, 0x0000000706200000|  0%| F|  |TAMS 0x0000000706000000, 0x0000000706000000| Untracked 
|  29|0x0000000706200000, 0x0000000706200000, 0x0000000706400000|  0%| F|  |TAMS 0x0000000706200000, 0x0000000706200000| Untracked 
|  30|0x0000000706400000, 0x0000000706400000, 0x0000000706600000|  0%| F|  |TAMS 0x0000000706400000, 0x0000000706400000| Untracked 
|  31|0x0000000706600000, 0x0000000706600000, 0x0000000706800000|  0%| F|  |TAMS 0x0000000706600000, 0x0000000706600000| Untracked 
|  32|0x0000000706800000, 0x0000000706800000, 0x0000000706a00000|  0%| F|  |TAMS 0x0000000706800000, 0x0000000706800000| Untracked 
|  33|0x0000000706a00000, 0x0000000706a00000, 0x0000000706c00000|  0%| F|  |TAMS 0x0000000706a00000, 0x0000000706a00000| Untracked 
|  34|0x0000000706c00000, 0x0000000706c00000, 0x0000000706e00000|  0%| F|  |TAMS 0x0000000706c00000, 0x0000000706c00000| Untracked 
|  35|0x0000000706e00000, 0x0000000706e00000, 0x0000000707000000|  0%| F|  |TAMS 0x0000000706e00000, 0x0000000706e00000| Untracked 
|  36|0x0000000707000000, 0x0000000707000000, 0x0000000707200000|  0%| F|  |TAMS 0x0000000707000000, 0x0000000707000000| Untracked 
|  37|0x0000000707200000, 0x0000000707200000, 0x0000000707400000|  0%| F|  |TAMS 0x0000000707200000, 0x0000000707200000| Untracked 
|  38|0x0000000707400000, 0x0000000707400000, 0x0000000707600000|  0%| F|  |TAMS 0x0000000707400000, 0x0000000707400000| Untracked 
|  39|0x0000000707600000, 0x0000000707600000, 0x0000000707800000|  0%| F|  |TAMS 0x0000000707600000, 0x0000000707600000| Untracked 
|  40|0x0000000707800000, 0x0000000707800000, 0x0000000707a00000|  0%| F|  |TAMS 0x0000000707800000, 0x0000000707800000| Untracked 
|  41|0x0000000707a00000, 0x0000000707a00000, 0x0000000707c00000|  0%| F|  |TAMS 0x0000000707a00000, 0x0000000707a00000| Untracked 
|  42|0x0000000707c00000, 0x0000000707c00000, 0x0000000707e00000|  0%| F|  |TAMS 0x0000000707c00000, 0x0000000707c00000| Untracked 
|  43|0x0000000707e00000, 0x0000000707e00000, 0x0000000708000000|  0%| F|  |TAMS 0x0000000707e00000, 0x0000000707e00000| Untracked 
|  44|0x0000000708000000, 0x0000000708000000, 0x0000000708200000|  0%| F|  |TAMS 0x0000000708000000, 0x0000000708000000| Untracked 
|  45|0x0000000708200000, 0x0000000708200000, 0x0000000708400000|  0%| F|  |TAMS 0x0000000708200000, 0x0000000708200000| Untracked 
|  46|0x0000000708400000, 0x0000000708400000, 0x0000000708600000|  0%| F|  |TAMS 0x0000000708400000, 0x0000000708400000| Untracked 
|  47|0x0000000708600000, 0x0000000708600000, 0x0000000708800000|  0%| F|  |TAMS 0x0000000708600000, 0x0000000708600000| Untracked 
|  48|0x0000000708800000, 0x0000000708800000, 0x0000000708a00000|  0%| F|  |TAMS 0x0000000708800000, 0x0000000708800000| Untracked 
|  49|0x0000000708a00000, 0x0000000708a00000, 0x0000000708c00000|  0%| F|  |TAMS 0x0000000708a00000, 0x0000000708a00000| Untracked 
|  50|0x0000000708c00000, 0x0000000708c00000, 0x0000000708e00000|  0%| F|  |TAMS 0x0000000708c00000, 0x0000000708c00000| Untracked 
|  51|0x0000000708e00000, 0x0000000708e00000, 0x0000000709000000|  0%| F|  |TAMS 0x0000000708e00000, 0x0000000708e00000| Untracked 
|  52|0x0000000709000000, 0x0000000709000000, 0x0000000709200000|  0%| F|  |TAMS 0x0000000709000000, 0x0000000709000000| Untracked 
|  53|0x0000000709200000, 0x0000000709200000, 0x0000000709400000|  0%| F|  |TAMS 0x0000000709200000, 0x0000000709200000| Untracked 
|  54|0x0000000709400000, 0x0000000709400000, 0x0000000709600000|  0%| F|  |TAMS 0x0000000709400000, 0x0000000709400000| Untracked 
|  55|0x0000000709600000, 0x0000000709600000, 0x0000000709800000|  0%| F|  |TAMS 0x0000000709600000, 0x0000000709600000| Untracked 
|  56|0x0000000709800000, 0x0000000709800000, 0x0000000709a00000|  0%| F|  |TAMS 0x0000000709800000, 0x0000000709800000| Untracked 
|  57|0x0000000709a00000, 0x0000000709a00000, 0x0000000709c00000|  0%| F|  |TAMS 0x0000000709a00000, 0x0000000709a00000| Untracked 
|  58|0x0000000709c00000, 0x0000000709c00000, 0x0000000709e00000|  0%| F|  |TAMS 0x0000000709c00000, 0x0000000709c00000| Untracked 
|  59|0x0000000709e00000, 0x0000000709e00000, 0x000000070a000000|  0%| F|  |TAMS 0x0000000709e00000, 0x0000000709e00000| Untracked 
|  60|0x000000070a000000, 0x000000070a000000, 0x000000070a200000|  0%| F|  |TAMS 0x000000070a000000, 0x000000070a000000| Untracked 
|  61|0x000000070a200000, 0x000000070a200000, 0x000000070a400000|  0%| F|  |TAMS 0x000000070a200000, 0x000000070a200000| Untracked 
|  62|0x000000070a400000, 0x000000070a400000, 0x000000070a600000|  0%| F|  |TAMS 0x000000070a400000, 0x000000070a400000| Untracked 
|  63|0x000000070a600000, 0x000000070a600000, 0x000000070a800000|  0%| F|  |TAMS 0x000000070a600000, 0x000000070a600000| Untracked 
|  64|0x000000070a800000, 0x000000070a800000, 0x000000070aa00000|  0%| F|  |TAMS 0x000000070a800000, 0x000000070a800000| Untracked 
|  65|0x000000070aa00000, 0x000000070aa00000, 0x000000070ac00000|  0%| F|  |TAMS 0x000000070aa00000, 0x000000070aa00000| Untracked 
|  66|0x000000070ac00000, 0x000000070ac00000, 0x000000070ae00000|  0%| F|  |TAMS 0x000000070ac00000, 0x000000070ac00000| Untracked 
|  67|0x000000070ae00000, 0x000000070ae00000, 0x000000070b000000|  0%| F|  |TAMS 0x000000070ae00000, 0x000000070ae00000| Untracked 
|  68|0x000000070b000000, 0x000000070b000000, 0x000000070b200000|  0%| F|  |TAMS 0x000000070b000000, 0x000000070b000000| Untracked 
|  69|0x000000070b200000, 0x000000070b200000, 0x000000070b400000|  0%| F|  |TAMS 0x000000070b200000, 0x000000070b200000| Untracked 
|  70|0x000000070b400000, 0x000000070b400000, 0x000000070b600000|  0%| F|  |TAMS 0x000000070b400000, 0x000000070b400000| Untracked 
|  71|0x000000070b600000, 0x000000070b600000, 0x000000070b800000|  0%| F|  |TAMS 0x000000070b600000, 0x000000070b600000| Untracked 
|  72|0x000000070b800000, 0x000000070b800000, 0x000000070ba00000|  0%| F|  |TAMS 0x000000070b800000, 0x000000070b800000| Untracked 
|  73|0x000000070ba00000, 0x000000070ba00000, 0x000000070bc00000|  0%| F|  |TAMS 0x000000070ba00000, 0x000000070ba00000| Untracked 
|  74|0x000000070bc00000, 0x000000070bc00000, 0x000000070be00000|  0%| F|  |TAMS 0x000000070bc00000, 0x000000070bc00000| Untracked 
|  75|0x000000070be00000, 0x000000070be00000, 0x000000070c000000|  0%| F|  |TAMS 0x000000070be00000, 0x000000070be00000| Untracked 
|  76|0x000000070c000000, 0x000000070c000000, 0x000000070c200000|  0%| F|  |TAMS 0x000000070c000000, 0x000000070c000000| Untracked 
|  77|0x000000070c200000, 0x000000070c200000, 0x000000070c400000|  0%| F|  |TAMS 0x000000070c200000, 0x000000070c200000| Untracked 
|  78|0x000000070c400000, 0x000000070c400000, 0x000000070c600000|  0%| F|  |TAMS 0x000000070c400000, 0x000000070c400000| Untracked 
|  79|0x000000070c600000, 0x000000070c600000, 0x000000070c800000|  0%| F|  |TAMS 0x000000070c600000, 0x000000070c600000| Untracked 
|  80|0x000000070c800000, 0x000000070c800000, 0x000000070ca00000|  0%| F|  |TAMS 0x000000070c800000, 0x000000070c800000| Untracked 
|  81|0x000000070ca00000, 0x000000070ca00000, 0x000000070cc00000|  0%| F|  |TAMS 0x000000070ca00000, 0x000000070ca00000| Untracked 
|  82|0x000000070cc00000, 0x000000070cc00000, 0x000000070ce00000|  0%| F|  |TAMS 0x000000070cc00000, 0x000000070cc00000| Untracked 
|  83|0x000000070ce00000, 0x000000070ce00000, 0x000000070d000000|  0%| F|  |TAMS 0x000000070ce00000, 0x000000070ce00000| Untracked 
|  84|0x000000070d000000, 0x000000070d000000, 0x000000070d200000|  0%| F|  |TAMS 0x000000070d000000, 0x000000070d000000| Untracked 
|  85|0x000000070d200000, 0x000000070d200000, 0x000000070d400000|  0%| F|  |TAMS 0x000000070d200000, 0x000000070d200000| Untracked 
|  86|0x000000070d400000, 0x000000070d400000, 0x000000070d600000|  0%| F|  |TAMS 0x000000070d400000, 0x000000070d400000| Untracked 
|  87|0x000000070d600000, 0x000000070d600000, 0x000000070d800000|  0%| F|  |TAMS 0x000000070d600000, 0x000000070d600000| Untracked 
|  88|0x000000070d800000, 0x000000070d800000, 0x000000070da00000|  0%| F|  |TAMS 0x000000070d800000, 0x000000070d800000| Untracked 
|  89|0x000000070da00000, 0x000000070da00000, 0x000000070dc00000|  0%| F|  |TAMS 0x000000070da00000, 0x000000070da00000| Untracked 
|  90|0x000000070dc00000, 0x000000070dc00000, 0x000000070de00000|  0%| F|  |TAMS 0x000000070dc00000, 0x000000070dc00000| Untracked 
|  91|0x000000070de00000, 0x000000070de00000, 0x000000070e000000|  0%| F|  |TAMS 0x000000070de00000, 0x000000070de00000| Untracked 
|  92|0x000000070e000000, 0x000000070e000000, 0x000000070e200000|  0%| F|  |TAMS 0x000000070e000000, 0x000000070e000000| Untracked 
|  93|0x000000070e200000, 0x000000070e200000, 0x000000070e400000|  0%| F|  |TAMS 0x000000070e200000, 0x000000070e200000| Untracked 
|  94|0x000000070e400000, 0x000000070e400000, 0x000000070e600000|  0%| F|  |TAMS 0x000000070e400000, 0x000000070e400000| Untracked 
|  95|0x000000070e600000, 0x000000070e600000, 0x000000070e800000|  0%| F|  |TAMS 0x000000070e600000, 0x000000070e600000| Untracked 
|  96|0x000000070e800000, 0x000000070e800000, 0x000000070ea00000|  0%| F|  |TAMS 0x000000070e800000, 0x000000070e800000| Untracked 
|  97|0x000000070ea00000, 0x000000070ea00000, 0x000000070ec00000|  0%| F|  |TAMS 0x000000070ea00000, 0x000000070ea00000| Untracked 
|  98|0x000000070ec00000, 0x000000070ec00000, 0x000000070ee00000|  0%| F|  |TAMS 0x000000070ec00000, 0x000000070ec00000| Untracked 
|  99|0x000000070ee00000, 0x000000070ee00000, 0x000000070f000000|  0%| F|  |TAMS 0x000000070ee00000, 0x000000070ee00000| Untracked 
| 100|0x000000070f000000, 0x000000070f000000, 0x000000070f200000|  0%| F|  |TAMS 0x000000070f000000, 0x000000070f000000| Untracked 
| 101|0x000000070f200000, 0x000000070f200000, 0x000000070f400000|  0%| F|  |TAMS 0x000000070f200000, 0x000000070f200000| Untracked 
| 102|0x000000070f400000, 0x000000070f400000, 0x000000070f600000|  0%| F|  |TAMS 0x000000070f400000, 0x000000070f400000| Untracked 
| 103|0x000000070f600000, 0x000000070f600000, 0x000000070f800000|  0%| F|  |TAMS 0x000000070f600000, 0x000000070f600000| Untracked 
| 104|0x000000070f800000, 0x000000070f800000, 0x000000070fa00000|  0%| F|  |TAMS 0x000000070f800000, 0x000000070f800000| Untracked 
| 105|0x000000070fa00000, 0x000000070fa00000, 0x000000070fc00000|  0%| F|  |TAMS 0x000000070fa00000, 0x000000070fa00000| Untracked 
| 106|0x000000070fc00000, 0x000000070fc00000, 0x000000070fe00000|  0%| F|  |TAMS 0x000000070fc00000, 0x000000070fc00000| Untracked 
| 107|0x000000070fe00000, 0x000000070fe00000, 0x0000000710000000|  0%| F|  |TAMS 0x000000070fe00000, 0x000000070fe00000| Untracked 
| 108|0x0000000710000000, 0x0000000710000000, 0x0000000710200000|  0%| F|  |TAMS 0x0000000710000000, 0x0000000710000000| Untracked 
| 109|0x0000000710200000, 0x00000007103b4b48, 0x0000000710400000| 85%| S|CS|TAMS 0x0000000710200000, 0x0000000710200000| Complete 
| 110|0x0000000710400000, 0x0000000710400000, 0x0000000710600000|  0%| F|  |TAMS 0x0000000710400000, 0x0000000710400000| Untracked 
| 111|0x0000000710600000, 0x0000000710600000, 0x0000000710800000|  0%| F|  |TAMS 0x0000000710600000, 0x0000000710600000| Untracked 
| 112|0x0000000710800000, 0x0000000710900800, 0x0000000710a00000| 50%| E|  |TAMS 0x0000000710800000, 0x0000000710800000| Complete 
| 113|0x0000000710a00000, 0x0000000710c00000, 0x0000000710c00000|100%| E|CS|TAMS 0x0000000710a00000, 0x0000000710a00000| Complete 
| 114|0x0000000710c00000, 0x0000000710e00000, 0x0000000710e00000|100%| E|CS|TAMS 0x0000000710c00000, 0x0000000710c00000| Complete 
| 115|0x0000000710e00000, 0x0000000711000000, 0x0000000711000000|100%| E|CS|TAMS 0x0000000710e00000, 0x0000000710e00000| Complete 
| 116|0x0000000711000000, 0x0000000711200000, 0x0000000711200000|100%| E|CS|TAMS 0x0000000711000000, 0x0000000711000000| Complete 
| 117|0x0000000711200000, 0x0000000711400000, 0x0000000711400000|100%| E|CS|TAMS 0x0000000711200000, 0x0000000711200000| Complete 
| 118|0x0000000711400000, 0x0000000711600000, 0x0000000711600000|100%| E|CS|TAMS 0x0000000711400000, 0x0000000711400000| Complete 
| 119|0x0000000711600000, 0x0000000711800000, 0x0000000711800000|100%| E|CS|TAMS 0x0000000711600000, 0x0000000711600000| Complete 
| 120|0x0000000711800000, 0x0000000711a00000, 0x0000000711a00000|100%| E|CS|TAMS 0x0000000711800000, 0x0000000711800000| Complete 
| 121|0x0000000711a00000, 0x0000000711c00000, 0x0000000711c00000|100%| E|CS|TAMS 0x0000000711a00000, 0x0000000711a00000| Complete 
| 122|0x0000000711c00000, 0x0000000711e00000, 0x0000000711e00000|100%| E|CS|TAMS 0x0000000711c00000, 0x0000000711c00000| Complete 
| 123|0x0000000711e00000, 0x0000000712000000, 0x0000000712000000|100%| E|CS|TAMS 0x0000000711e00000, 0x0000000711e00000| Complete 
| 124|0x0000000712000000, 0x0000000712200000, 0x0000000712200000|100%| E|CS|TAMS 0x0000000712000000, 0x0000000712000000| Complete 
| 125|0x0000000712200000, 0x0000000712400000, 0x0000000712400000|100%| E|CS|TAMS 0x0000000712200000, 0x0000000712200000| Complete 
| 126|0x0000000712400000, 0x0000000712600000, 0x0000000712600000|100%| E|CS|TAMS 0x0000000712400000, 0x0000000712400000| Complete 

Card table byte_map: [0x00000270238a0000,0x0000027024090000] _byte_map_base: 0x000002702008c000

Marking Bits (Prev, Next): (CMBitMap*) 0x000002700c52e080, (CMBitMap*) 0x000002700c52e0c0
 Prev Bits: [0x0000027024880000, 0x00000270287e0000)
 Next Bits: [0x00000270287e0000, 0x000002702c740000)

Polling page: 0x000002700a430000

Metaspace:

Usage:
  Non-class:     12.43 MB used.
      Class:      1.75 MB used.
       Both:     14.18 MB used.

Virtual space:
  Non-class space:       64.00 MB reserved,      12.56 MB ( 20%) committed,  1 nodes.
      Class space:        1.00 GB reserved,       1.81 MB ( <1%) committed,  1 nodes.
             Both:        1.06 GB reserved,      14.38 MB (  1%) committed. 

Chunk freelists:
   Non-Class:  2.59 MB
       Class:  14.01 MB
        Both:  16.60 MB

MaxMetaspaceSize: unlimited
CompressedClassSpaceSize: 1.00 GB
Initial GC threshold: 21.00 MB
Current GC threshold: 21.00 MB
CDS: on
MetaspaceReclaimPolicy: balanced
 - commit_granule_bytes: 65536.
 - commit_granule_words: 8192.
 - virtual_space_node_default_size: 8388608.
 - enlarge_chunks_in_place: 1.
 - new_chunks_are_fully_committed: 0.
 - uncommit_free_chunks: 1.
 - use_allocation_guard: 0.
 - handle_deallocations: 1.


Internal statistics:

num_allocs_failed_limit: 0.
num_arena_births: 94.
num_arena_deaths: 0.
num_vsnodes_births: 2.
num_vsnodes_deaths: 0.
num_space_committed: 230.
num_space_uncommitted: 0.
num_chunks_returned_to_freelist: 0.
num_chunks_taken_from_freelist: 604.
num_chunk_merges: 0.
num_chunk_splits: 413.
num_chunks_enlarged: 333.
num_inconsistent_stats: 0.

CodeHeap 'non-profiled nmethods': size=120000Kb used=1132Kb max_used=1132Kb free=118867Kb
 bounds [0x000002701b850000, 0x000002701bac0000, 0x0000027022d80000]
CodeHeap 'profiled nmethods': size=120000Kb used=5242Kb max_used=5242Kb free=114757Kb
 bounds [0x0000027013d80000, 0x00000270142a0000, 0x000002701b2b0000]
CodeHeap 'non-nmethods': size=5760Kb used=1180Kb max_used=1240Kb free=4579Kb
 bounds [0x000002701b2b0000, 0x000002701b520000, 0x000002701b850000]
 total_blobs=3102 nmethods=2634 adapters=380
 compilation: enabled
              stopped_count=0, restarted_count=0
 full_count=0

Compilation events (20 events):
Event: 2.490 Thread 0x000002702f1f41b0 nmethod 2602 0x0000027014287910 code [0x0000027014287ae0, 0x0000027014287f88]
Event: 2.490 Thread 0x000002702f1f41b0 2603       3       java.util.concurrent.ConcurrentHashMap::resizeStamp (9 bytes)
Event: 2.490 Thread 0x000002702f1f41b0 nmethod 2603 0x0000027014288110 code [0x00000270142882a0, 0x00000270142883c8]
Event: 2.490 Thread 0x000002702f1f41b0 2604       1       org.apache.maven.model.Plugin::getExtensions (5 bytes)
Event: 2.490 Thread 0x000002702f1f41b0 nmethod 2604 0x000002701b961410 code [0x000002701b9615a0, 0x000002701b961678]
Event: 2.490 Thread 0x000002702f1f41b0 2605       3       java.lang.CharacterDataLatin1::isJavaIdentifierPart (20 bytes)
Event: 2.491 Thread 0x000002702f1f41b0 nmethod 2605 0x0000027014288490 code [0x0000027014288640, 0x0000027014288858]
Event: 2.491 Thread 0x000002702f1f41b0 2606       3       java.lang.Character::isJavaIdentifierPart (5 bytes)
Event: 2.491 Thread 0x000002702f1f41b0 nmethod 2606 0x0000027014288990 code [0x0000027014288b40, 0x0000027014288d98]
Event: 2.491 Thread 0x000002702f1f41b0 2607       3       java.util.regex.Pattern$CharPropertyGreedy::match (160 bytes)
Event: 2.492 Thread 0x000002702f1f41b0 nmethod 2607 0x0000027014288e90 code [0x00000270142890c0, 0x0000027014289a88]
Event: 2.492 Thread 0x000002702f1f41b0 2608       3       java.util.Objects::equals (23 bytes)
Event: 2.492 Thread 0x000002702f1f41b0 nmethod 2608 0x0000027014289d90 code [0x0000027014289f40, 0x000002701428a1c8]
Event: 2.495 Thread 0x000002702f1f41b0 2609       3       org.eclipse.sisu.inject.RankedSequence::iterator (9 bytes)
Event: 2.495 Thread 0x000002702f1f41b0 nmethod 2609 0x000002701428a290 code [0x000002701428a440, 0x000002701428a6f8]
Event: 2.495 Thread 0x000002702f1f41b0 2610       3       org.eclipse.sisu.inject.RankedSequence$Itr::<init> (22 bytes)
Event: 2.495 Thread 0x000002702f1f41b0 nmethod 2610 0x000002701428a810 code [0x000002701428a9a0, 0x000002701428ab78]
Event: 2.497 Thread 0x000002702f1f41b0 2612       3       org.eclipse.sisu.inject.LocatedBeans::iterator (9 bytes)
Event: 2.497 Thread 0x000002702f1f41b0 nmethod 2612 0x000002701428ac10 code [0x000002701428adc0, 0x000002701428af68]
Event: 2.497 Thread 0x000002702f1f41b0 2614       3       java.util.ArrayList::addAll (76 bytes)

GC Heap History (4 events):
Event: 0.873 GC heap before
{Heap before GC invocations=0 (full 0):
 garbage-first heap   total 260096K, used 22528K [0x0000000702800000, 0x0000000800000000)
  region size 2048K, 11 young (22528K), 0 survivors (0K)
 Metaspace       used 5393K, committed 5632K, reserved 1114112K
  class space    used 651K, committed 768K, reserved 1048576K
}
Event: 0.877 GC heap after
{Heap after GC invocations=1 (full 0):
 garbage-first heap   total 260096K, used 3704K [0x0000000702800000, 0x0000000800000000)
  region size 2048K, 2 young (4096K), 2 survivors (4096K)
 Metaspace       used 5393K, committed 5632K, reserved 1114112K
  class space    used 651K, committed 768K, reserved 1048576K
}
Event: 1.537 GC heap before
{Heap before GC invocations=1 (full 0):
 garbage-first heap   total 260096K, used 34424K [0x0000000702800000, 0x0000000800000000)
  region size 2048K, 17 young (34816K), 2 survivors (4096K)
 Metaspace       used 9336K, committed 9472K, reserved 1114112K
  class space    used 1134K, committed 1216K, reserved 1048576K
}
Event: 1.541 GC heap after
{Heap after GC invocations=2 (full 0):
 garbage-first heap   total 260096K, used 5166K [0x0000000702800000, 0x0000000800000000)
  region size 2048K, 1 young (2048K), 1 survivors (2048K)
 Metaspace       used 9336K, committed 9472K, reserved 1114112K
  class space    used 1134K, committed 1216K, reserved 1048576K
}

Deoptimization events (20 events):
Event: 2.359 Thread 0x000002700c4c0730 Uncommon trap: trap_request=0xffffffc6 fr.pc=0x000002701b939cc8 relative=0x0000000000000a48
Event: 2.359 Thread 0x000002700c4c0730 Uncommon trap: reason=bimorphic_or_optimized_type_check action=maybe_recompile pc=0x000002701b939cc8 method=java.util.HashMap.putVal(ILjava/lang/Object;Ljava/lang/Object;ZZ)Ljava/lang/Object; @ 203 c2
Event: 2.359 Thread 0x000002700c4c0730 DEOPT PACKING pc=0x000002701b939cc8 sp=0x000000ec0ecfd570
Event: 2.359 Thread 0x000002700c4c0730 DEOPT UNPACKING pc=0x000002701b3023a3 sp=0x000000ec0ecfd510 mode 2
Event: 2.381 Thread 0x000002700c4c0730 Uncommon trap: trap_request=0xffffff45 fr.pc=0x000002701b90fa80 relative=0x00000000000002e0
Event: 2.381 Thread 0x000002700c4c0730 Uncommon trap: reason=unstable_if action=reinterpret pc=0x000002701b90fa80 method=java.lang.String.indexOf([BBILjava/lang/String;I)I @ 21 c2
Event: 2.381 Thread 0x000002700c4c0730 DEOPT PACKING pc=0x000002701b90fa80 sp=0x000000ec0ecfd790
Event: 2.381 Thread 0x000002700c4c0730 DEOPT UNPACKING pc=0x000002701b3023a3 sp=0x000000ec0ecfd6a0 mode 2
Event: 2.381 Thread 0x000002700c4c0730 Uncommon trap: trap_request=0xffffff45 fr.pc=0x000002701b90e138 relative=0x0000000000000298
Event: 2.381 Thread 0x000002700c4c0730 Uncommon trap: reason=unstable_if action=reinterpret pc=0x000002701b90e138 method=java.lang.String.indexOf([BBILjava/lang/String;I)I @ 21 c2
Event: 2.381 Thread 0x000002700c4c0730 DEOPT PACKING pc=0x000002701b90e138 sp=0x000000ec0ecfd710
Event: 2.381 Thread 0x000002700c4c0730 DEOPT UNPACKING pc=0x000002701b3023a3 sp=0x000000ec0ecfd6a0 mode 2
Event: 2.463 Thread 0x000002700c4c0730 Uncommon trap: trap_request=0xffffff45 fr.pc=0x000002701b8b5570 relative=0x0000000000000a70
Event: 2.463 Thread 0x000002700c4c0730 Uncommon trap: reason=unstable_if action=reinterpret pc=0x000002701b8b5570 method=org.codehaus.plexus.util.xml.pull.MXParser.nextImpl()I @ 241 c2
Event: 2.463 Thread 0x000002700c4c0730 DEOPT PACKING pc=0x000002701b8b5570 sp=0x000000ec0ecfc980
Event: 2.463 Thread 0x000002700c4c0730 DEOPT UNPACKING pc=0x000002701b3023a3 sp=0x000000ec0ecfc910 mode 2
Event: 2.468 Thread 0x000002700c4c0730 Uncommon trap: trap_request=0xffffff45 fr.pc=0x000002701b87dae4 relative=0x0000000000000244
Event: 2.468 Thread 0x000002700c4c0730 Uncommon trap: reason=unstable_if action=reinterpret pc=0x000002701b87dae4 method=java.util.StringTokenizer.scanToken(I)I @ 42 c2
Event: 2.469 Thread 0x000002700c4c0730 DEOPT PACKING pc=0x000002701b87dae4 sp=0x000000ec0ecfda90
Event: 2.469 Thread 0x000002700c4c0730 DEOPT UNPACKING pc=0x000002701b3023a3 sp=0x000000ec0ecfda30 mode 2

Classes unloaded (0 events):
No events

Classes redefined (0 events):
No events

Internal exceptions (20 events):
Event: 0.575 Thread 0x000002700c4c0730 Exception <a 'java/lang/NoSuchMethodError'{0x0000000711615e28}: 'void java.lang.invoke.DirectMethodHandle$Holder.invokeSpecial(java.lang.Object, java.lang.Object, java.lang.Object)'> (0x0000000711615e28) 
thrown [s\open\src\hotspot\share\interpreter\linkResolver.cpp, line 759]
Event: 0.641 Thread 0x000002700c4c0730 Exception <a 'java/lang/NoSuchMethodError'{0x0000000711404d90}: 'java.lang.Object java.lang.invoke.DirectMethodHandle$Holder.invokeInterface(java.lang.Object, java.lang.Object)'> (0x0000000711404d90) 
thrown [s\open\src\hotspot\share\interpreter\linkResolver.cpp, line 759]
Event: 0.668 Thread 0x000002700c4c0730 Exception <a 'java/lang/NoSuchMethodError'{0x00000007114ab0a0}: 'java.lang.Object java.lang.invoke.Invokers$Holder.invokeExact_MT(java.lang.Object, java.lang.Object, java.lang.Object, java.lang.Object, java.lang.Object, java.lang.Object)'> (0x00000007114ab0a0) 
thrown [s\open\src\hotspot\share\interpreter\linkResolver.cpp, line 759]
Event: 0.671 Thread 0x000002700c4c0730 Exception <a 'java/lang/NoSuchMethodError'{0x00000007114bc500}: 'int java.lang.invoke.DirectMethodHandle$Holder.invokeSpecialIFC(java.lang.Object, java.lang.Object, java.lang.Object, java.lang.Object, java.lang.Object)'> (0x00000007114bc500) 
thrown [s\open\src\hotspot\share\interpreter\linkResolver.cpp, line 759]
Event: 0.737 Thread 0x000002700c4c0730 Exception <a 'java/lang/NoSuchMethodError'{0x0000000711256b88}: 'java.lang.Object java.lang.invoke.DirectMethodHandle$Holder.newInvokeSpecial(java.lang.Object, java.lang.Object, java.lang.Object, java.lang.Object, java.lang.Object)'> (0x0000000711256b88) 
thrown [s\open\src\hotspot\share\interpreter\linkResolver.cpp, line 759]
Event: 0.794 Thread 0x000002700c4c0730 Exception <a 'java/lang/NoSuchMethodError'{0x0000000711358218}: 'int java.lang.invoke.DirectMethodHandle$Holder.invokeStaticInit(java.lang.Object, java.lang.Object)'> (0x0000000711358218) 
thrown [s\open\src\hotspot\share\interpreter\linkResolver.cpp, line 759]
Event: 0.812 Thread 0x000002700c4c0730 Exception <a 'java/lang/NoClassDefFoundError'{0x000000071138faf8}: javax/enterprise/inject/Typed> (0x000000071138faf8) 
thrown [s\open\src\hotspot\share\classfile\systemDictionary.cpp, line 245]
Event: 1.698 Thread 0x000002700c4c0730 Exception <a 'java/lang/NoSuchMethodError'{0x0000000712152dc0}: 'void java.lang.invoke.DirectMethodHandle$Holder.invokeStaticInit(java.lang.Object, java.lang.Object, java.lang.Object)'> (0x0000000712152dc0) 
thrown [s\open\src\hotspot\share\interpreter\linkResolver.cpp, line 759]
Event: 1.708 Thread 0x000002700c4c0730 Exception <a 'java/lang/ExceptionInInitializerError'{0x000000071217db30}> (0x000000071217db30) 
thrown [s\open\src\hotspot\share\oops\instanceKlass.cpp, line 1216]
Event: 1.738 Thread 0x000002700c4c0730 Implicit null exception at 0x000002701b8d37af to 0x000002701b8d3914
Event: 1.739 Thread 0x000002700c4c0730 Exception <a 'java/lang/NoSuchMethodError'{0x0000000711e89e00}: 'java.lang.Object java.lang.invoke.Invokers$Holder.invokeExact_MT(java.lang.Object, int, java.lang.Object)'> (0x0000000711e89e00) 
thrown [s\open\src\hotspot\share\interpreter\linkResolver.cpp, line 759]
Event: 1.758 Thread 0x000002700c4c0730 Exception <a 'java/lang/NoSuchMethodError'{0x0000000711ef3da0}: 'int java.lang.invoke.DirectMethodHandle$Holder.invokeSpecial(java.lang.Object, java.lang.Object, java.lang.Object, java.lang.Object)'> (0x0000000711ef3da0) 
thrown [s\open\src\hotspot\share\interpreter\linkResolver.cpp, line 759]
Event: 2.055 Thread 0x000002700c4c0730 Exception <a 'java/lang/NoClassDefFoundError'{0x0000000711403e60}: com/google/inject/servlet/ServletModuleTargetVisitor> (0x0000000711403e60) 
thrown [s\open\src\hotspot\share\classfile\systemDictionary.cpp, line 245]
Event: 2.127 Thread 0x000002700c4c0730 Exception <a 'java/lang/NoSuchMethodError'{0x0000000711593b60}: 'void java.lang.invoke.DirectMethodHandle$Holder.invokeVirtual(java.lang.Object, java.lang.Object)'> (0x0000000711593b60) 
thrown [s\open\src\hotspot\share\interpreter\linkResolver.cpp, line 759]
Event: 2.147 Thread 0x000002700c4c0730 Exception <a 'java/lang/NoSuchMethodError'{0x000000071120c2f0}: 'java.lang.Object java.lang.invoke.DirectMethodHandle$Holder.invokeStaticInit(java.lang.Object, int, int, int, int)'> (0x000000071120c2f0) 
thrown [s\open\src\hotspot\share\interpreter\linkResolver.cpp, line 759]
Event: 2.278 Thread 0x000002700c4c0730 Implicit null exception at 0x000002701b875ff2 to 0x000002701b87664c
Event: 2.278 Thread 0x000002700c4c0730 Implicit null exception at 0x000002701b876c72 to 0x000002701b8772ec
Event: 2.322 Thread 0x000002700c4c0730 Exception <a 'java/lang/NoSuchMethodError'{0x0000000710c29050}: 'void java.lang.invoke.DirectMethodHandle$Holder.invokeSpecial(java.lang.Object, java.lang.Object, java.lang.Object, java.lang.Object, java.lang.Object)'> (0x0000000710c29050) 
thrown [s\open\src\hotspot\share\interpreter\linkResolver.cpp, line 759]
Event: 2.332 Thread 0x000002700c4c0730 Exception <a 'java/lang/NoSuchMethodError'{0x0000000710c466d8}: 'void java.lang.invoke.DirectMethodHandle$Holder.invokeSpecial(java.lang.Object, java.lang.Object, java.lang.Object, java.lang.Object, java.lang.Object, java.lang.Object)'> (0x0000000710c466d8) 
thrown [s\open\src\hotspot\share\interpreter\linkResolver.cpp, line 759]
Event: 2.347 Thread 0x000002700c4c0730 Exception <a 'java/lang/NoSuchMethodError'{0x0000000710d37598}: 'java.lang.Object java.lang.invoke.DirectMethodHandle$Holder.invokeVirtual(java.lang.Object, java.lang.Object, java.lang.Object)'> (0x0000000710d37598) 
thrown [s\open\src\hotspot\share\interpreter\linkResolver.cpp, line 759]

VM Operations (20 events):
Event: 1.782 Executing VM operation: HandshakeAllThreads done
Event: 1.783 Executing VM operation: HandshakeAllThreads
Event: 1.783 Executing VM operation: HandshakeAllThreads done
Event: 1.865 Executing VM operation: HandshakeAllThreads
Event: 1.865 Executing VM operation: HandshakeAllThreads done
Event: 1.866 Executing VM operation: ICBufferFull
Event: 1.866 Executing VM operation: ICBufferFull done
Event: 2.029 Executing VM operation: HandshakeAllThreads
Event: 2.029 Executing VM operation: HandshakeAllThreads done
Event: 2.136 Executing VM operation: HandshakeAllThreads
Event: 2.136 Executing VM operation: HandshakeAllThreads done
Event: 2.161 Executing VM operation: HandshakeAllThreads
Event: 2.161 Executing VM operation: HandshakeAllThreads done
Event: 2.246 Executing VM operation: HandshakeAllThreads
Event: 2.246 Executing VM operation: HandshakeAllThreads done
Event: 2.247 Executing VM operation: HandshakeAllThreads
Event: 2.247 Executing VM operation: HandshakeAllThreads done
Event: 2.332 Executing VM operation: ICBufferFull
Event: 2.333 Executing VM operation: ICBufferFull done
Event: 3.342 Executing VM operation: Cleanup

Events (20 events):
Event: 2.311 loading class sun/nio/ch/FileLockImpl
Event: 2.311 loading class sun/nio/ch/FileLockImpl done
Event: 2.311 loading class sun/nio/ch/FileLockTable
Event: 2.311 loading class sun/nio/ch/FileLockTable done
Event: 2.311 loading class sun/nio/ch/FileKey
Event: 2.312 loading class sun/nio/ch/FileKey done
Event: 2.312 loading class sun/nio/ch/FileLockTable$FileLockReference
Event: 2.312 loading class sun/nio/ch/FileLockTable$FileLockReference done
Event: 2.312 loading class java/nio/channels/spi/AbstractInterruptibleChannel$1
Event: 2.312 loading class sun/nio/ch/Interruptible
Event: 2.312 loading class sun/nio/ch/Interruptible done
Event: 2.312 loading class java/nio/channels/spi/AbstractInterruptibleChannel$1 done
Event: 2.312 loading class java/util/AbstractMap$2
Event: 2.312 loading class java/util/AbstractMap$2 done
Event: 2.312 loading class java/util/AbstractMap$2$1
Event: 2.312 loading class java/util/AbstractMap$2$1 done
Event: 2.324 loading class java/lang/invoke/MethodHandle$1
Event: 2.325 loading class java/lang/invoke/MethodHandle$1 done
Event: 2.491 loading class java/util/stream/Streams$RangeIntSpliterator
Event: 2.491 loading class java/util/stream/Streams$RangeIntSpliterator done


Dynamic libraries:
0x00007ff768bf0000 - 0x00007ff768c00000 	C:\Program Files\Java\jdk-17\bin\java.exe
0x00007ffd19960000 - 0x00007ffd19bc5000 	C:\WINDOWS\SYSTEM32\ntdll.dll
0x00007ffd18d40000 - 0x00007ffd18e09000 	C:\WINDOWS\System32\KERNEL32.DLL
0x00007ffd17080000 - 0x00007ffd17468000 	C:\WINDOWS\System32\KERNELBASE.dll
0x00007ffd16f30000 - 0x00007ffd1707b000 	C:\WINDOWS\System32\ucrtbase.dll
0x00007ffd11bd0000 - 0x00007ffd11be9000 	C:\Program Files\Java\jdk-17\bin\jli.dll
0x00007ffd115a0000 - 0x00007ffd115bb000 	C:\Program Files\Java\jdk-17\bin\VCRUNTIME140.dll
0x00007ffd19620000 - 0x00007ffd196d3000 	C:\WINDOWS\System32\ADVAPI32.dll
0x00007ffd17700000 - 0x00007ffd177a9000 	C:\WINDOWS\System32\msvcrt.dll
0x00007ffd18be0000 - 0x00007ffd18c86000 	C:\WINDOWS\System32\sechost.dll
0x00007ffd192b0000 - 0x00007ffd193c5000 	C:\WINDOWS\System32\RPCRT4.dll
0x00007ffd17de0000 - 0x00007ffd17faa000 	C:\WINDOWS\System32\USER32.dll
0x00007ffd16db0000 - 0x00007ffd16dd7000 	C:\WINDOWS\System32\win32u.dll
0x00007ffcfcc90000 - 0x00007ffcfcf2a000 	C:\WINDOWS\WinSxS\amd64_microsoft.windows.common-controls_6595b64144ccf1df_6.0.26100.4202_none_3e0698d4e335f517\COMCTL32.dll
0x00007ffd177d0000 - 0x00007ffd177fb000 	C:\WINDOWS\System32\GDI32.dll
0x00007ffd17470000 - 0x00007ffd175a7000 	C:\WINDOWS\System32\gdi32full.dll
0x00007ffd16de0000 - 0x00007ffd16e83000 	C:\WINDOWS\System32\msvcp_win.dll
0x00007ffd094d0000 - 0x00007ffd094db000 	C:\WINDOWS\SYSTEM32\VERSION.dll
0x00007ffd17c90000 - 0x00007ffd17cc0000 	C:\WINDOWS\System32\IMM32.DLL
0x00007ffd11540000 - 0x00007ffd1154c000 	C:\Program Files\Java\jdk-17\bin\vcruntime140_1.dll
0x00007ffcf9fc0000 - 0x00007ffcfa04e000 	C:\Program Files\Java\jdk-17\bin\msvcp140.dll
0x00007ffcadb90000 - 0x00007ffcae770000 	C:\Program Files\Java\jdk-17\bin\server\jvm.dll
0x00007ffd17ce0000 - 0x00007ffd17ce8000 	C:\WINDOWS\System32\PSAPI.DLL
0x00007ffcfa050000 - 0x00007ffcfa05a000 	C:\WINDOWS\SYSTEM32\WSOCK32.dll
0x00007ffd030e0000 - 0x00007ffd03115000 	C:\WINDOWS\SYSTEM32\WINMM.dll
0x00007ffd19230000 - 0x00007ffd192a4000 	C:\WINDOWS\System32\WS2_32.dll
0x00007ffd15970000 - 0x00007ffd1598b000 	C:\WINDOWS\SYSTEM32\kernel.appcore.dll
0x00007ffd11530000 - 0x00007ffd1153a000 	C:\Program Files\Java\jdk-17\bin\jimage.dll
0x00007ffd14200000 - 0x00007ffd14441000 	C:\WINDOWS\SYSTEM32\DBGHELP.DLL
0x00007ffd17900000 - 0x00007ffd17c85000 	C:\WINDOWS\System32\combase.dll
0x00007ffd17cf0000 - 0x00007ffd17dd1000 	C:\WINDOWS\System32\OLEAUT32.dll
0x00007ffcf9ef0000 - 0x00007ffcf9f29000 	C:\WINDOWS\SYSTEM32\dbgcore.DLL
0x00007ffd16e90000 - 0x00007ffd16f29000 	C:\WINDOWS\System32\bcryptPrimitives.dll
0x00007ffd114f0000 - 0x00007ffd11515000 	C:\Program Files\Java\jdk-17\bin\java.dll
0x00007ffce0710000 - 0x00007ffce07e7000 	C:\Program Files\Java\jdk-17\bin\jsvml.dll
0x00007ffd18490000 - 0x00007ffd18bd2000 	C:\WINDOWS\System32\SHELL32.dll
0x00007ffd16c30000 - 0x00007ffd16da4000 	C:\WINDOWS\System32\wintypes.dll
0x00007ffd146f0000 - 0x00007ffd14f48000 	C:\WINDOWS\SYSTEM32\windows.storage.dll
0x00007ffd17800000 - 0x00007ffd178f1000 	C:\WINDOWS\System32\SHCORE.dll
0x00007ffd191c0000 - 0x00007ffd1922a000 	C:\WINDOWS\System32\shlwapi.dll
0x00007ffd169c0000 - 0x00007ffd169ef000 	C:\WINDOWS\SYSTEM32\profapi.dll
0x00007ffd114b0000 - 0x00007ffd114c9000 	C:\Program Files\Java\jdk-17\bin\net.dll
0x00007ffd095e0000 - 0x00007ffd096fe000 	C:\WINDOWS\SYSTEM32\WINHTTP.dll
0x00007ffd15f00000 - 0x00007ffd15f6a000 	C:\WINDOWS\system32\mswsock.dll
0x00007ffd11490000 - 0x00007ffd114a6000 	C:\Program Files\Java\jdk-17\bin\nio.dll
0x00007ffd07470000 - 0x00007ffd07488000 	C:\Program Files\Java\jdk-17\bin\zip.dll
0x00007ffd00070000 - 0x00007ffd00094000 	C:\maven\apache-maven-3.9.9\lib\jansi-native\Windows\x86_64\jansi.dll
0x00007ffd07450000 - 0x00007ffd07460000 	C:\Program Files\Java\jdk-17\bin\verify.dll

dbghelp: loaded successfully - version: 4.0.5 - missing functions: none
symbol engine: initialized successfully - sym options: 0x614 - pdb path: .;C:\Program Files\Java\jdk-17\bin;C:\WINDOWS\SYSTEM32;C:\WINDOWS\WinSxS\amd64_microsoft.windows.common-controls_6595b64144ccf1df_6.0.26100.4202_none_3e0698d4e335f517;C:\Program Files\Java\jdk-17\bin\server;C:\maven\apache-maven-3.9.9\lib\jansi-native\Windows\x86_64

VM Arguments:
jvm_args: -Dclassworlds.conf=C:\maven\apache-maven-3.9.9\bin\m2.conf -Dmaven.home=C:\maven\apache-maven-3.9.9 -Dlibrary.jansi.path=C:\maven\apache-maven-3.9.9\lib\jansi-native -Dmaven.multiModuleProjectDirectory=C:\microservices\section6\v2-spring-cloud-config\configserver 
java_command: org.codehaus.plexus.classworlds.launcher.Launcher compile jib:dockerBuild
java_class_path (initial): C:\maven\apache-maven-3.9.9\boot\plexus-classworlds-2.8.0.jar
Launcher Type: SUN_STANDARD

[Global flags]
     intx CICompilerCount                          = 4                                         {product} {ergonomic}
     uint ConcGCThreads                            = 2                                         {product} {ergonomic}
     uint G1ConcRefinementThreads                  = 8                                         {product} {ergonomic}
   size_t G1HeapRegionSize                         = 2097152                                   {product} {ergonomic}
    uintx GCDrainStackTargetSize                   = 64                                        {product} {ergonomic}
   size_t InitialHeapSize                          = 266338304                                 {product} {ergonomic}
   size_t MarkStackSize                            = 4194304                                   {product} {ergonomic}
   size_t MaxHeapSize                              = 4253024256                                {product} {ergonomic}
   size_t MaxNewSize                               = 2550136832                                {product} {ergonomic}
   size_t MinHeapDeltaBytes                        = 2097152                                   {product} {ergonomic}
   size_t MinHeapSize                              = 8388608                                   {product} {ergonomic}
    uintx NonNMethodCodeHeapSize                   = 5839372                                {pd product} {ergonomic}
    uintx NonProfiledCodeHeapSize                  = 122909434                              {pd product} {ergonomic}
    uintx ProfiledCodeHeapSize                     = 122909434                              {pd product} {ergonomic}
    uintx ReservedCodeCacheSize                    = 251658240                              {pd product} {ergonomic}
     bool SegmentedCodeCache                       = true                                      {product} {ergonomic}
   size_t SoftMaxHeapSize                          = 4253024256                             {manageable} {ergonomic}
     bool UseCompressedClassPointers               = true                           {product lp64_product} {ergonomic}
     bool UseCompressedOops                        = true                           {product lp64_product} {ergonomic}
     bool UseG1GC                                  = true                                      {product} {ergonomic}
     bool UseLargePagesIndividualAllocation        = false                                  {pd product} {ergonomic}

Logging:
Log output configuration:
 #0: stdout all=warning uptime,level,tags
 #1: stderr all=off uptime,level,tags

Environment Variables:
PATH=C:\Python313\Scripts\;C:\Python313\;C:\Program Files\Common Files\Oracle\Java\javapath;C:\Windows\system32;C:\Windows;C:\Windows\System32\Wbem;C:\Windows\System32\WindowsPowerShell\v1.0\;C:\Windows\System32\OpenSSH\;C:\Program Files (x86)\NVIDIA Corporation\PhysX\Common;C:\Program Files\NVIDIA Corporation\NVIDIA NvDLISR;C:\WINDOWS\system32;C:\WINDOWS;C:\WINDOWS\System32\Wbem;C:\WINDOWS\System32\WindowsPowerShell\v1.0\;C:\WINDOWS\System32\OpenSSH\;C:\MinGW\bin;C:\Program Files\Git\cmd;C:\Program Files\Git\mingw64\bin;C:\Program Files\Git\usr\bin;C:\Program Files\dotnet\;C:\ProgramData\chocolatey\bin;C:\Program Files\Java\jdk-17\bin;C:\Program Files\PostgreSQL\17\bin;C:\maven\apache-maven-3.9.9\bin;C:\Program Files\nodejs\;C:\Program Files\MongoDB\Server\8.0\bin;C:\Stripe;;C:\Program Files\Docker\Docker\resources\bin;C:\Users\Saurabh Srivastav\scoop\shims;C:\Users\Saurabh Srivastav\AppData\Local\Microsoft\WindowsApps;C:\Users\Saurabh Srivastav\AppData\Local\Programs\Microsoft VS Code\bin;C:\Program Files\JetBrains\IntelliJ IDEA Community Edition 2024.2.3\bin;;C:\Users\Saurabh Srivastav\AppData\Local\Programs\mongosh\;C:\Program Files\JetBrains\IntelliJ IDEA 2024.2.4\bin;;C:\Users\Saurabh Srivastav\AppData\Roaming\npm;C:\Program Files\MongoDB\Server\8.0\bin;
USERNAME=Saurabh Srivastav
OS=Windows_NT
PROCESSOR_IDENTIFIER=Intel64 Family 6 Model 165 Stepping 2, GenuineIntel



---------------  S Y S T E M  ---------------

OS:
 Windows 11 , 64 bit Build 26100 (10.0.26100.4202)
OS uptime: 0 days 0:38 hours
Hyper-V role detected

CPU: total 8 (initial active 8) (4 cores per cpu, 2 threads per core) family 6 model 165 stepping 2 microcode 0xe0, cx8, cmov, fxsr, ht, mmx, 3dnowpref, sse, sse2, sse3, ssse3, sse4.1, sse4.2, popcnt, lzcnt, tsc, tscinvbit, avx, avx2, aes, erms, clmul, bmi1, bmi2, adx, fma, vzeroupper, clflush, clflushopt, hv

Memory: 4k page, system-wide physical 16221M (3956M free)
TotalPageFile size 16221M (AvailPageFile size 5M)
current process WorkingSet (physical memory assigned to process): 121M, peak: 123M
current process commit charge ("private bytes"): 384M, peak: 387M

vm_info: Java HotSpot(TM) 64-Bit Server VM (17.0.12+8-LTS-286) for windows-amd64 JRE (17.0.12+8-LTS-286), built on Jun  5 2024 06:46:59 by "mach5one" with MS VC++ 17.6 (VS2022)

END.
